1
Time for model 1573 is:0:00:04.568968
1
Time for model 1574 is:0:00:05.542011
1
Time for model 1575 is:0:00:05.460785
1
Time for model 1576 is:0:00:03.572502
1
Time for model 1577 is:0:00:05.192798
1
Time for model 1578 is:0:00:03.640298
1
Time for model 1579 is:0:00:04.890241
1
Time for model 1580 is:0:00:03.577433
1
Time for model 1581 is:0:00:04.726889
1
Time for model 1582 is:0:00:04.799133
1
Time for model 1583 is:0:00:03.454092
1
Time for model 1573 is:0:00:04.244735
1
Time for model 1574 is:0:00:03.672396
1
Time for model 1575 is:0:00:04.050383
1
Time for model 1576 is:0:00:04.855992
1
Time for model 1577 is:0:00:03.327604
1
Time for model 1578 is:0:00:03.527148
1
Time for model 1579 is:0:00:04.055822
1
Time for model 1580 is:0:00:04.726714
1
Time for model 1581 is:0:00:03.717964
1
Time for model 1582 is:0:00:03.584383
1
Time for model 1583 is:0:00:03.976060
Total time for completion: 0:04:02.297649
alpha:   10.0
date:  2019-11-15
start model 1573
stop model 1584
split both
