1
Time for model 462 is:0:00:05.011052
1
Time for model 463 is:0:00:05.693580
1
Time for model 464 is:0:00:04.862389
1
Time for model 465 is:0:00:04.849338
1
Time for model 466 is:0:00:04.991309
1
Time for model 467 is:0:00:04.911700
1
Time for model 468 is:0:00:04.911851
1
Time for model 469 is:0:00:04.878166
1
Time for model 470 is:0:00:04.886445
1
Time for model 471 is:0:00:04.554564
1
Time for model 472 is:0:00:04.606889
1
Time for model 462 is:0:00:04.467647
1
Time for model 463 is:0:00:04.662105
1
Time for model 464 is:0:00:04.459099
1
Time for model 465 is:0:00:04.442411
1
Time for model 466 is:0:00:04.465407
1
Time for model 467 is:0:00:05.133953
1
Time for model 468 is:0:00:05.416307
1
Time for model 469 is:0:00:05.222936
1
Time for model 470 is:0:00:05.175339
1
Time for model 471 is:0:00:04.962060
1
Time for model 472 is:0:00:04.320544
Total time for completion: 0:04:20.676176
alpha:   10.0
date:  2019-11-15
start model 462
stop model 473
split both
