1
Time for model 1166 is:0:00:03.573724
1
Time for model 1167 is:0:00:03.755329
1
Time for model 1168 is:0:00:03.528117
1
Time for model 1169 is:0:00:03.528360
1
Time for model 1170 is:0:00:03.527401
1
Time for model 1171 is:0:00:03.527233
1
Time for model 1172 is:0:00:03.534844
1
Time for model 1173 is:0:00:03.528240
1
Time for model 1174 is:0:00:03.529481
1
Time for model 1175 is:0:00:03.528682
1
Time for model 1176 is:0:00:03.762666
1
Time for model 1166 is:0:00:03.529916
1
Time for model 1167 is:0:00:03.392096
1
Time for model 1168 is:0:00:03.405379
1
Time for model 1169 is:0:00:03.404100
1
Time for model 1170 is:0:00:03.409874
1
Time for model 1171 is:0:00:03.409284
1
Time for model 1172 is:0:00:03.505121
1
Time for model 1173 is:0:00:03.634271
1
Time for model 1174 is:0:00:03.405056
1
Time for model 1175 is:0:00:03.405459
1
Time for model 1176 is:0:00:03.404639
Total time for completion: 0:04:31.912275
alpha:   10.0
date:  2019-11-15
start model 1166
stop model 1177
split both
