1
Time for model 1562 is:0:00:03.918952
1
Time for model 1563 is:0:00:05.539106
1
Time for model 1564 is:0:00:04.858966
1
Time for model 1565 is:0:00:04.298110
1
Time for model 1566 is:0:00:04.024993
1
Time for model 1567 is:0:00:04.920168
1
Time for model 1568 is:0:00:07.580527
1
Time for model 1569 is:0:00:06.757892
1
Time for model 1570 is:0:00:05.796686
1
Time for model 1571 is:0:00:05.622200
1
Time for model 1572 is:0:00:05.039630
1
Time for model 1562 is:0:00:05.790862
1
Time for model 1563 is:0:00:05.101559
1
Time for model 1564 is:0:00:05.790822
1
Time for model 1565 is:0:00:05.416207
1
Time for model 1566 is:0:00:05.604394
1
Time for model 1567 is:0:00:05.586050
1
Time for model 1568 is:0:00:06.741173
1
Time for model 1569 is:0:00:06.067214
1
Time for model 1570 is:0:00:05.478683
1
Time for model 1571 is:0:00:05.455811
1
Time for model 1572 is:0:00:05.971005
Total time for completion: 0:05:31.388399
alpha:   10.0
date:  2019-11-15
start model 1562
stop model 1573
split both
