1
Time for model 1067 is:0:00:06.728019
1
Time for model 1068 is:0:00:06.622505
1
Time for model 1069 is:0:00:07.073225
1
Time for model 1070 is:0:00:05.827986
1
Time for model 1071 is:0:00:05.675282
1
Time for model 1072 is:0:00:05.690662
1
Time for model 1073 is:0:00:05.683077
1
Time for model 1074 is:0:00:05.578350
1
Time for model 1075 is:0:00:05.333979
1
Time for model 1076 is:0:00:05.368078
1
Time for model 1077 is:0:00:05.520617
1
Time for model 1067 is:0:00:05.401448
1
Time for model 1068 is:0:00:05.500429
1
Time for model 1069 is:0:00:05.760193
1
Time for model 1070 is:0:00:06.434211
1
Time for model 1071 is:0:00:06.083422
1
Time for model 1072 is:0:00:06.181209
1
Time for model 1073 is:0:00:06.008146
1
Time for model 1074 is:0:00:05.396804
1
Time for model 1075 is:0:00:05.996343
1
Time for model 1076 is:0:00:06.256991
1
Time for model 1077 is:0:00:05.608885
Total time for completion: 0:04:51.608587
alpha:   10.0
date:  2019-11-15
start model 1067
stop model 1078
split both
