1
Time for model 1364 is:0:00:08.846856
1
Time for model 1365 is:0:00:10.312664
1
Time for model 1366 is:0:00:09.615402
1
Time for model 1367 is:0:00:11.925591
1
Time for model 1368 is:0:00:10.785982
1
Time for model 1369 is:0:00:10.958756
1
Time for model 1370 is:0:00:10.606213
1
Time for model 1371 is:0:00:10.712063
1
Time for model 1372 is:0:00:11.349436
1
Time for model 1373 is:0:00:10.598898
1
Time for model 1374 is:0:00:11.765212
1
Time for model 1364 is:0:00:10.592056
1
Time for model 1365 is:0:00:10.604947
1
Time for model 1366 is:0:00:10.555335
1
Time for model 1367 is:0:00:09.186956
1
Time for model 1368 is:0:00:07.424196
1
Time for model 1369 is:0:00:04.702243
1
Time for model 1370 is:0:00:05.341030
1
Time for model 1371 is:0:00:06.955767
1
Time for model 1372 is:0:00:06.185276
1
Time for model 1373 is:0:00:06.018315
1
Time for model 1374 is:0:00:07.176094
Total time for completion: 0:07:48.175762
alpha:   10.0
date:  2019-11-15
start model 1364
stop model 1375
split both
