1
Time for model 891 is:0:00:04.770098
1
Time for model 892 is:0:00:04.770909
1
Time for model 893 is:0:00:04.759603
1
Time for model 894 is:0:00:06.461249
1
Time for model 895 is:0:00:06.140700
1
Time for model 896 is:0:00:06.150427
1
Time for model 897 is:0:00:06.131454
1
Time for model 898 is:0:00:06.175629
1
Time for model 899 is:0:00:05.939067
1
Time for model 900 is:0:00:05.630499
1
Time for model 901 is:0:00:05.755628
1
Time for model 891 is:0:00:05.858967
1
Time for model 892 is:0:00:05.640381
1
Time for model 893 is:0:00:06.523590
1
Time for model 894 is:0:00:05.810126
1
Time for model 895 is:0:00:05.992464
1
Time for model 896 is:0:00:06.632530
1
Time for model 897 is:0:00:07.992357
1
Time for model 898 is:0:00:08.163158
1
Time for model 899 is:0:00:04.717671
1
Time for model 900 is:0:00:04.873432
1
Time for model 901 is:0:00:05.291193
Total time for completion: 0:05:19.136999
alpha:   10.0
date:  2019-11-15
start model 891
stop model 902
split both
