1
Time for model 66 is:0:00:04.408217
1
Time for model 67 is:0:00:04.408398
1
Time for model 68 is:0:00:04.406369
1
Time for model 69 is:0:00:04.409402
1
Time for model 70 is:0:00:04.411550
1
Time for model 71 is:0:00:04.406464
1
Time for model 72 is:0:00:04.409140
1
Time for model 73 is:0:00:04.406750
1
Time for model 74 is:0:00:04.404649
1
Time for model 75 is:0:00:04.408252
1
Time for model 76 is:0:00:04.418536
1
Time for model 66 is:0:00:04.410820
1
Time for model 67 is:0:00:04.410586
1
Time for model 68 is:0:00:04.402140
1
Time for model 69 is:0:00:04.398377
1
Time for model 70 is:0:00:04.406110
1
Time for model 71 is:0:00:04.400570
1
Time for model 72 is:0:00:04.416870
1
Time for model 73 is:0:00:04.405870
1
Time for model 74 is:0:00:04.410594
1
Time for model 75 is:0:00:04.411147
1
Time for model 76 is:0:00:04.409818
Total time for completion: 0:03:47.609839
alpha:   10.0
date:  2019-11-15
start model 66
stop model 77
split both
