1
Time for model 55 is:0:00:04.359338
1
Time for model 56 is:0:00:04.368026
1
Time for model 57 is:0:00:04.373836
1
Time for model 58 is:0:00:04.340664
1
Time for model 59 is:0:00:04.353463
1
Time for model 60 is:0:00:04.387353
1
Time for model 61 is:0:00:04.336844
1
Time for model 62 is:0:00:04.598907
1
Time for model 63 is:0:00:04.678546
1
Time for model 64 is:0:00:04.639429
1
Time for model 65 is:0:00:04.658627
1
Time for model 55 is:0:00:04.603163
1
Time for model 56 is:0:00:04.591586
1
Time for model 57 is:0:00:04.597536
1
Time for model 58 is:0:00:04.322994
1
Time for model 59 is:0:00:04.409760
1
Time for model 60 is:0:00:04.346807
1
Time for model 61 is:0:00:04.364724
1
Time for model 62 is:0:00:04.339202
1
Time for model 63 is:0:00:04.337898
1
Time for model 64 is:0:00:04.438137
1
Time for model 65 is:0:00:04.482497
Total time for completion: 0:03:43.806856
alpha:   10.0
date:  2019-11-15
start model 55
stop model 66
split both
