1
Time for model 253 is:0:00:04.439916
1
Time for model 254 is:0:00:04.320195
1
Time for model 255 is:0:00:04.429706
1
Time for model 256 is:0:00:04.766493
1
Time for model 257 is:0:00:04.757690
1
Time for model 258 is:0:00:04.767191
1
Time for model 259 is:0:00:04.851581
1
Time for model 260 is:0:00:04.774616
1
Time for model 261 is:0:00:04.750466
1
Time for model 262 is:0:00:04.759432
1
Time for model 263 is:0:00:04.741689
1
Time for model 253 is:0:00:04.542647
1
Time for model 254 is:0:00:04.301719
1
Time for model 255 is:0:00:04.414328
1
Time for model 256 is:0:00:04.301438
1
Time for model 257 is:0:00:04.544581
1
Time for model 258 is:0:00:04.304965
1
Time for model 259 is:0:00:04.840386
1
Time for model 260 is:0:00:05.187275
1
Time for model 261 is:0:00:05.281552
1
Time for model 262 is:0:00:05.178846
1
Time for model 263 is:0:00:05.136656
Total time for completion: 0:04:08.321476
alpha:   10.0
date:  2019-11-15
start model 253
stop model 264
split both
