1
Time for model 825 is:0:00:13.044304
1
Time for model 826 is:0:00:10.850240
1
Time for model 827 is:0:00:09.366927
1
Time for model 828 is:0:00:08.491998
1
Time for model 829 is:0:00:08.781455
1
Time for model 830 is:0:00:08.728952
1
Time for model 831 is:0:00:12.262792
1
Time for model 832 is:0:00:10.202588
1
Time for model 833 is:0:00:09.378211
1
Time for model 834 is:0:00:08.486440
1
Time for model 835 is:0:00:10.025574
1
Time for model 825 is:0:00:10.130245
1
Time for model 826 is:0:00:10.165898
1
Time for model 827 is:0:00:08.428389
1
Time for model 828 is:0:00:09.298986
1
Time for model 829 is:0:00:09.887863
1
Time for model 830 is:0:00:10.631785
1
Time for model 831 is:0:00:08.463875
1
Time for model 832 is:0:00:08.971041
1
Time for model 833 is:0:00:10.218698
1
Time for model 834 is:0:00:10.337272
1
Time for model 835 is:0:00:07.830074
Total time for completion: 0:08:45.640908
alpha:   10.0
date:  2019-11-15
start model 825
stop model 836
split both
