1
Time for model 1078 is:0:00:06.508041
1
Time for model 1079 is:0:00:06.489306
1
Time for model 1080 is:0:00:06.589188
1
Time for model 1081 is:0:00:06.266654
1
Time for model 1082 is:0:00:05.797736
1
Time for model 1083 is:0:00:05.809018
1
Time for model 1084 is:0:00:05.717705
1
Time for model 1085 is:0:00:05.643326
1
Time for model 1086 is:0:00:05.458563
1
Time for model 1087 is:0:00:05.465520
1
Time for model 1088 is:0:00:05.666007
1
Time for model 1078 is:0:00:05.501786
1
Time for model 1079 is:0:00:05.616553
1
Time for model 1080 is:0:00:06.288488
1
Time for model 1081 is:0:00:06.970832
1
Time for model 1082 is:0:00:05.817324
1
Time for model 1083 is:0:00:06.127261
1
Time for model 1084 is:0:00:05.858455
1
Time for model 1085 is:0:00:05.426342
1
Time for model 1086 is:0:00:06.156640
1
Time for model 1087 is:0:00:06.401554
1
Time for model 1088 is:0:00:05.731410
Total time for completion: 0:04:52.415486
alpha:   10.0
date:  2019-11-15
start model 1078
stop model 1089
split both
