1
Time for model 407 is:0:00:04.946289
1
Time for model 408 is:0:00:06.513115
1
Time for model 409 is:0:00:05.457409
1
Time for model 410 is:0:00:05.194330
1
Time for model 411 is:0:00:05.354538
1
Time for model 412 is:0:00:05.252098
1
Time for model 413 is:0:00:05.236761
1
Time for model 414 is:0:00:05.262752
1
Time for model 415 is:0:00:05.197147
1
Time for model 416 is:0:00:04.837727
1
Time for model 417 is:0:00:04.869099
1
Time for model 407 is:0:00:04.740220
1
Time for model 408 is:0:00:04.921040
1
Time for model 409 is:0:00:04.711799
1
Time for model 410 is:0:00:05.528152
1
Time for model 411 is:0:00:05.707393
1
Time for model 412 is:0:00:05.804481
1
Time for model 413 is:0:00:05.634142
1
Time for model 414 is:0:00:05.008802
1
Time for model 415 is:0:00:04.793885
1
Time for model 416 is:0:00:05.499600
1
Time for model 417 is:0:00:05.366250
Total time for completion: 0:04:25.778044
alpha:   10.0
date:  2019-11-15
start model 407
stop model 418
split both
