1
Time for model 1276 is:0:00:05.857636
1
Time for model 1277 is:0:00:05.659407
1
Time for model 1278 is:0:00:05.945583
1
Time for model 1279 is:0:00:06.029903
1
Time for model 1280 is:0:00:06.810291
1
Time for model 1281 is:0:00:06.901754
1
Time for model 1282 is:0:00:06.411514
1
Time for model 1283 is:0:00:06.852292
1
Time for model 1284 is:0:00:06.503425
1
Time for model 1285 is:0:00:08.317080
1
Time for model 1286 is:0:00:06.770450
1
Time for model 1276 is:0:00:06.129283
1
Time for model 1277 is:0:00:05.918043
1
Time for model 1278 is:0:00:06.596631
1
Time for model 1279 is:0:00:07.178499
1
Time for model 1280 is:0:00:06.431092
1
Time for model 1281 is:0:00:06.618333
1
Time for model 1282 is:0:00:07.140682
1
Time for model 1283 is:0:00:06.460398
1
Time for model 1284 is:0:00:06.605122
1
Time for model 1285 is:0:00:07.217049
1
Time for model 1286 is:0:00:05.654953
Total time for completion: 0:06:25.929374
alpha:   10.0
date:  2019-11-15
start model 1276
stop model 1287
split both
