1
Time for model 1749 is:0:00:07.803177
1
Time for model 1750 is:0:00:07.646751
1
Time for model 1751 is:0:00:06.896607
1
Time for model 1752 is:0:00:06.678918
1
Time for model 1753 is:0:00:07.070599
1
Time for model 1754 is:0:00:06.841108
1
Time for model 1755 is:0:00:07.255931
1
Time for model 1756 is:0:00:06.620093
1
Time for model 1757 is:0:00:06.695244
1
Time for model 1758 is:0:00:05.632923
1
Time for model 1759 is:0:00:06.686092
1
Time for model 1749 is:0:00:05.479627
1
Time for model 1750 is:0:00:05.236273
1
Time for model 1751 is:0:00:05.178464
1
Time for model 1752 is:0:00:05.437786
1
Time for model 1753 is:0:00:05.506881
1
Time for model 1754 is:0:00:05.865671
1
Time for model 1755 is:0:00:05.101463
1
Time for model 1756 is:0:00:05.376384
1
Time for model 1757 is:0:00:05.032119
1
Time for model 1758 is:0:00:05.190351
1
Time for model 1759 is:0:00:05.154454
Total time for completion: 0:06:56.325556
alpha:   10.0
date:  2019-11-15
start model 1749
stop model 1760
split both
