1
Time for model 561 is:0:00:07.744053
1
Time for model 562 is:0:00:08.153584
1
Time for model 563 is:0:00:07.903915
1
Time for model 564 is:0:00:07.948893
1
Time for model 565 is:0:00:07.971452
1
Time for model 566 is:0:00:07.967610
1
Time for model 567 is:0:00:07.238001
1
Time for model 568 is:0:00:06.991845
1
Time for model 569 is:0:00:07.026740
1
Time for model 570 is:0:00:06.967345
1
Time for model 571 is:0:00:07.832864
1
Time for model 561 is:0:00:09.726544
1
Time for model 562 is:0:00:09.787498
1
Time for model 563 is:0:00:07.568203
1
Time for model 564 is:0:00:09.206490
1
Time for model 565 is:0:00:09.543177
1
Time for model 566 is:0:00:09.106745
1
Time for model 567 is:0:00:06.968933
1
Time for model 568 is:0:00:09.399940
1
Time for model 569 is:0:00:09.676016
1
Time for model 570 is:0:00:09.078259
1
Time for model 571 is:0:00:07.018051
Total time for completion: 0:06:46.725807
alpha:   10.0
date:  2019-11-15
start model 561
stop model 572
split both
