1
Time for model 440 is:0:00:04.308401
1
Time for model 441 is:0:00:04.665842
1
Time for model 442 is:0:00:04.675951
1
Time for model 443 is:0:00:04.732059
1
Time for model 444 is:0:00:04.701912
1
Time for model 445 is:0:00:04.767283
1
Time for model 446 is:0:00:04.693368
1
Time for model 447 is:0:00:04.594061
1
Time for model 448 is:0:00:04.687679
1
Time for model 449 is:0:00:04.738468
1
Time for model 450 is:0:00:04.620058
1
Time for model 440 is:0:00:04.351158
1
Time for model 441 is:0:00:04.468460
1
Time for model 442 is:0:00:04.334294
1
Time for model 443 is:0:00:04.574193
1
Time for model 444 is:0:00:04.333694
1
Time for model 445 is:0:00:04.361983
1
Time for model 446 is:0:00:05.049757
1
Time for model 447 is:0:00:05.211581
1
Time for model 448 is:0:00:04.980633
1
Time for model 449 is:0:00:04.960374
1
Time for model 450 is:0:00:05.112553
Total time for completion: 0:04:11.786952
alpha:   10.0
date:  2019-11-15
start model 440
stop model 451
split both
