1
Time for model 1463 is:0:00:14.888557
1
Time for model 1464 is:0:00:14.696309
1
Time for model 1465 is:0:00:13.478770
1
Time for model 1466 is:0:00:13.726453
1
Time for model 1467 is:0:00:14.181451
1
Time for model 1468 is:0:00:15.236460
1
Time for model 1469 is:0:00:11.244846
1
Time for model 1470 is:0:00:13.421971
1
Time for model 1471 is:0:00:14.218141
1
Time for model 1472 is:0:00:15.891207
1
Time for model 1473 is:0:00:11.378004
1
Time for model 1463 is:0:00:14.095220
1
Time for model 1464 is:0:00:15.367744
1
Time for model 1465 is:0:00:10.857821
1
Time for model 1466 is:0:00:07.027403
1
Time for model 1467 is:0:00:10.333546
1
Time for model 1468 is:0:00:08.767548
1
Time for model 1469 is:0:00:08.261265
1
Time for model 1470 is:0:00:09.862603
1
Time for model 1471 is:0:00:07.308334
1
Time for model 1472 is:0:00:09.899872
1
Time for model 1473 is:0:00:09.485906
Total time for completion: 0:09:20.059783
alpha:   10.0
date:  2019-11-15
start model 1463
stop model 1474
split both
