1
Time for model 143 is:0:00:04.417771
1
Time for model 144 is:0:00:04.401359
1
Time for model 145 is:0:00:04.413325
1
Time for model 146 is:0:00:04.413754
1
Time for model 147 is:0:00:04.410402
1
Time for model 148 is:0:00:04.410834
1
Time for model 149 is:0:00:04.420038
1
Time for model 150 is:0:00:04.415483
1
Time for model 151 is:0:00:04.409926
1
Time for model 152 is:0:00:04.425086
1
Time for model 153 is:0:00:04.428870
1
Time for model 143 is:0:00:04.411642
1
Time for model 144 is:0:00:04.401278
1
Time for model 145 is:0:00:04.427474
1
Time for model 146 is:0:00:04.408184
1
Time for model 147 is:0:00:04.409869
1
Time for model 148 is:0:00:04.407609
1
Time for model 149 is:0:00:04.411479
1
Time for model 150 is:0:00:04.411141
1
Time for model 151 is:0:00:04.404176
1
Time for model 152 is:0:00:04.406758
1
Time for model 153 is:0:00:04.410564
Total time for completion: 0:03:45.350022
alpha:   10.0
date:  2019-11-15
start model 143
stop model 154
split both
