1
Time for model 297 is:0:00:04.242153
1
Time for model 298 is:0:00:04.240427
1
Time for model 299 is:0:00:04.238817
1
Time for model 300 is:0:00:04.235413
1
Time for model 301 is:0:00:04.229208
1
Time for model 302 is:0:00:04.233613
1
Time for model 303 is:0:00:04.238607
1
Time for model 304 is:0:00:04.235903
1
Time for model 305 is:0:00:04.229612
1
Time for model 306 is:0:00:04.211856
1
Time for model 307 is:0:00:04.205135
1
Time for model 297 is:0:00:04.220028
1
Time for model 298 is:0:00:04.210960
1
Time for model 299 is:0:00:04.220213
1
Time for model 300 is:0:00:04.204062
1
Time for model 301 is:0:00:04.212222
1
Time for model 302 is:0:00:04.206183
1
Time for model 303 is:0:00:04.214699
1
Time for model 304 is:0:00:04.218982
1
Time for model 305 is:0:00:04.210074
1
Time for model 306 is:0:00:04.232765
1
Time for model 307 is:0:00:04.213535
Total time for completion: 0:03:33.787760
alpha:   10.0
date:  2019-11-15
start model 297
stop model 308
split both
