1
Time for model 132 is:0:00:04.090436
1
Time for model 133 is:0:00:04.091049
1
Time for model 134 is:0:00:04.085387
1
Time for model 135 is:0:00:04.087072
1
Time for model 136 is:0:00:04.086213
1
Time for model 137 is:0:00:04.096219
1
Time for model 138 is:0:00:04.088033
1
Time for model 139 is:0:00:04.089857
1
Time for model 140 is:0:00:04.091916
1
Time for model 141 is:0:00:04.087859
1
Time for model 142 is:0:00:04.085959
1
Time for model 132 is:0:00:04.082999
1
Time for model 133 is:0:00:04.083034
1
Time for model 134 is:0:00:04.090881
1
Time for model 135 is:0:00:04.082019
1
Time for model 136 is:0:00:04.084717
1
Time for model 137 is:0:00:04.082715
1
Time for model 138 is:0:00:04.081391
1
Time for model 139 is:0:00:04.082105
1
Time for model 140 is:0:00:04.080958
1
Time for model 141 is:0:00:04.091741
1
Time for model 142 is:0:00:04.079263
Total time for completion: 0:03:31.774841
alpha:   10.0
date:  2019-11-15
start model 132
stop model 143
split both
