1
Time for model 1683 is:0:00:10.695754
1
Time for model 1684 is:0:00:11.637878
1
Time for model 1685 is:0:00:12.503591
1
Time for model 1686 is:0:00:10.545099
1
Time for model 1687 is:0:00:12.099005
1
Time for model 1688 is:0:00:10.727802
1
Time for model 1689 is:0:00:11.986048
1
Time for model 1690 is:0:00:13.247061
1
Time for model 1691 is:0:00:11.354466
1
Time for model 1692 is:0:00:12.567539
1
Time for model 1693 is:0:00:11.360022
1
Time for model 1683 is:0:00:13.333593
1
Time for model 1684 is:0:00:14.229285
1
Time for model 1685 is:0:00:06.045497
1
Time for model 1686 is:0:00:07.655378
1
Time for model 1687 is:0:00:06.195434
1
Time for model 1688 is:0:00:07.827532
1
Time for model 1689 is:0:00:07.117527
1
Time for model 1690 is:0:00:07.141465
1
Time for model 1691 is:0:00:07.265363
1
Time for model 1692 is:0:00:06.001628
1
Time for model 1693 is:0:00:03.103407
Total time for completion: 0:08:04.545296
alpha:   10.0
date:  2019-11-15
start model 1683
stop model 1694
split both
