1
Time for model 77 is:0:00:04.160362
1
Time for model 78 is:0:00:04.152474
1
Time for model 79 is:0:00:04.155256
1
Time for model 80 is:0:00:04.154729
1
Time for model 81 is:0:00:04.164803
1
Time for model 82 is:0:00:04.151880
1
Time for model 83 is:0:00:04.153784
1
Time for model 84 is:0:00:04.153495
1
Time for model 85 is:0:00:04.152637
1
Time for model 86 is:0:00:04.153026
1
Time for model 87 is:0:00:04.152104
1
Time for model 77 is:0:00:04.167842
1
Time for model 78 is:0:00:04.157897
1
Time for model 79 is:0:00:04.158960
1
Time for model 80 is:0:00:04.158489
1
Time for model 81 is:0:00:04.164202
1
Time for model 82 is:0:00:04.155656
1
Time for model 83 is:0:00:04.160122
1
Time for model 84 is:0:00:04.165974
1
Time for model 85 is:0:00:04.153752
1
Time for model 86 is:0:00:04.160404
1
Time for model 87 is:0:00:04.158014
Total time for completion: 0:03:34.239665
alpha:   10.0
date:  2019-11-15
start model 77
stop model 88
split both
