1
Time for model 902 is:0:00:05.502922
1
Time for model 903 is:0:00:06.209415
1
Time for model 904 is:0:00:07.024158
1
Time for model 905 is:0:00:06.353492
1
Time for model 906 is:0:00:05.985064
1
Time for model 907 is:0:00:05.908311
1
Time for model 908 is:0:00:05.570622
1
Time for model 909 is:0:00:05.610402
1
Time for model 910 is:0:00:05.609897
1
Time for model 911 is:0:00:05.723424
1
Time for model 912 is:0:00:05.649068
1
Time for model 902 is:0:00:05.657588
1
Time for model 903 is:0:00:05.666904
1
Time for model 904 is:0:00:06.508368
1
Time for model 905 is:0:00:07.443064
1
Time for model 906 is:0:00:05.984432
1
Time for model 907 is:0:00:05.515492
1
Time for model 908 is:0:00:05.499382
1
Time for model 909 is:0:00:06.348309
1
Time for model 910 is:0:00:06.612350
1
Time for model 911 is:0:00:05.934744
1
Time for model 912 is:0:00:04.818218
Total time for completion: 0:04:33.323772
alpha:   10.0
date:  2019-11-15
start model 902
stop model 913
split both
