1
Time for model 352 is:0:00:04.941327
1
Time for model 353 is:0:00:04.857876
1
Time for model 354 is:0:00:04.839722
1
Time for model 355 is:0:00:04.861426
1
Time for model 356 is:0:00:04.860256
1
Time for model 357 is:0:00:05.032110
1
Time for model 358 is:0:00:04.866830
1
Time for model 359 is:0:00:04.843156
1
Time for model 360 is:0:00:04.765084
1
Time for model 361 is:0:00:04.815178
1
Time for model 362 is:0:00:04.709527
1
Time for model 352 is:0:00:04.450952
1
Time for model 353 is:0:00:04.620130
1
Time for model 354 is:0:00:04.463347
1
Time for model 355 is:0:00:04.717706
1
Time for model 356 is:0:00:04.463938
1
Time for model 357 is:0:00:04.485913
1
Time for model 358 is:0:00:04.485712
1
Time for model 359 is:0:00:04.635365
1
Time for model 360 is:0:00:04.531442
1
Time for model 361 is:0:00:05.349450
1
Time for model 362 is:0:00:05.394228
Total time for completion: 0:04:41.666421
alpha:   10.0
date:  2019-11-15
start model 352
stop model 363
split both
