1
Time for model 1430 is:0:00:14.576820
1
Time for model 1431 is:0:00:15.420019
1
Time for model 1432 is:0:00:12.702525
1
Time for model 1433 is:0:00:14.772153
1
Time for model 1434 is:0:00:14.432718
1
Time for model 1435 is:0:00:13.839427
1
Time for model 1436 is:0:00:12.985762
1
Time for model 1437 is:0:00:14.278431
1
Time for model 1438 is:0:00:14.314645
1
Time for model 1439 is:0:00:12.629709
1
Time for model 1440 is:0:00:14.162670
1
Time for model 1430 is:0:00:14.449771
1
Time for model 1431 is:0:00:13.435750
1
Time for model 1432 is:0:00:09.228888
1
Time for model 1433 is:0:00:09.549782
1
Time for model 1434 is:0:00:08.342121
1
Time for model 1435 is:0:00:08.719566
1
Time for model 1436 is:0:00:09.336780
1
Time for model 1437 is:0:00:07.769742
1
Time for model 1438 is:0:00:10.248099
1
Time for model 1439 is:0:00:08.636830
1
Time for model 1440 is:0:00:08.544863
Total time for completion: 0:09:20.614610
alpha:   10.0
date:  2019-11-15
start model 1430
stop model 1441
split both
