1
Time for model 781 is:0:00:08.475962
1
Time for model 782 is:0:00:06.659931
1
Time for model 783 is:0:00:06.509382
1
Time for model 784 is:0:00:06.493439
1
Time for model 785 is:0:00:06.460471
1
Time for model 786 is:0:00:06.455172
1
Time for model 787 is:0:00:06.602805
1
Time for model 788 is:0:00:06.201036
1
Time for model 789 is:0:00:05.883317
1
Time for model 790 is:0:00:05.985059
1
Time for model 791 is:0:00:06.095047
1
Time for model 781 is:0:00:06.024031
1
Time for model 782 is:0:00:05.878306
1
Time for model 783 is:0:00:05.869051
1
Time for model 784 is:0:00:06.448714
1
Time for model 785 is:0:00:06.928982
1
Time for model 786 is:0:00:07.264594
1
Time for model 787 is:0:00:07.046911
1
Time for model 788 is:0:00:06.033995
1
Time for model 789 is:0:00:06.885264
1
Time for model 790 is:0:00:07.112587
1
Time for model 791 is:0:00:06.350394
Total time for completion: 0:05:36.571699
alpha:   10.0
date:  2019-11-15
start model 781
stop model 792
split both
