1
Time for model 1353 is:0:00:07.191110
1
Time for model 1354 is:0:00:08.841289
1
Time for model 1355 is:0:00:07.055906
1
Time for model 1356 is:0:00:06.851974
1
Time for model 1357 is:0:00:08.167502
1
Time for model 1358 is:0:00:07.281305
1
Time for model 1359 is:0:00:06.644898
1
Time for model 1360 is:0:00:07.872363
1
Time for model 1361 is:0:00:06.928814
1
Time for model 1362 is:0:00:08.198922
1
Time for model 1363 is:0:00:07.121417
1
Time for model 1353 is:0:00:08.241794
1
Time for model 1354 is:0:00:07.378031
1
Time for model 1355 is:0:00:08.184106
1
Time for model 1356 is:0:00:06.931809
1
Time for model 1357 is:0:00:08.231331
1
Time for model 1358 is:0:00:07.168801
1
Time for model 1359 is:0:00:08.103281
1
Time for model 1360 is:0:00:06.591433
1
Time for model 1361 is:0:00:08.406200
1
Time for model 1362 is:0:00:05.944096
1
Time for model 1363 is:0:00:05.799504
Total time for completion: 0:07:05.691920
alpha:   10.0
date:  2019-11-15
start model 1353
stop model 1364
split both
