1
Time for model 374 is:0:00:04.341927
1
Time for model 375 is:0:00:04.362123
1
Time for model 376 is:0:00:04.424902
1
Time for model 377 is:0:00:04.394443
1
Time for model 378 is:0:00:04.719075
1
Time for model 379 is:0:00:04.795473
1
Time for model 380 is:0:00:04.823096
1
Time for model 381 is:0:00:04.802133
1
Time for model 382 is:0:00:04.768239
1
Time for model 383 is:0:00:04.883050
1
Time for model 384 is:0:00:04.677506
1
Time for model 374 is:0:00:04.364794
1
Time for model 375 is:0:00:04.370831
1
Time for model 376 is:0:00:04.380601
1
Time for model 377 is:0:00:04.377763
1
Time for model 378 is:0:00:04.379460
1
Time for model 379 is:0:00:04.436965
1
Time for model 380 is:0:00:04.386836
1
Time for model 381 is:0:00:04.726191
1
Time for model 382 is:0:00:05.247982
1
Time for model 383 is:0:00:05.184580
1
Time for model 384 is:0:00:05.051797
Total time for completion: 0:03:55.614929
alpha:   10.0
date:  2019-11-15
start model 374
stop model 385
split both
