1
Time for model 308 is:0:00:04.281467
1
Time for model 309 is:0:00:04.280882
1
Time for model 310 is:0:00:04.285969
1
Time for model 311 is:0:00:04.296004
1
Time for model 312 is:0:00:04.283077
1
Time for model 313 is:0:00:04.279920
1
Time for model 314 is:0:00:04.284514
1
Time for model 315 is:0:00:04.283135
1
Time for model 316 is:0:00:04.258482
1
Time for model 317 is:0:00:04.250254
1
Time for model 318 is:0:00:04.250038
1
Time for model 308 is:0:00:04.247036
1
Time for model 309 is:0:00:04.250255
1
Time for model 310 is:0:00:04.249315
1
Time for model 311 is:0:00:04.246698
1
Time for model 312 is:0:00:04.244792
1
Time for model 313 is:0:00:04.260405
1
Time for model 314 is:0:00:04.281893
1
Time for model 315 is:0:00:04.247534
1
Time for model 316 is:0:00:04.261026
1
Time for model 317 is:0:00:04.268656
1
Time for model 318 is:0:00:04.269202
Total time for completion: 0:03:35.895916
alpha:   10.0
date:  2019-11-15
start model 308
stop model 319
split both
