1
Time for model 1485 is:0:00:10.023640
1
Time for model 1486 is:0:00:10.448721
1
Time for model 1487 is:0:00:08.917900
1
Time for model 1488 is:0:00:09.397485
1
Time for model 1489 is:0:00:08.865965
1
Time for model 1490 is:0:00:10.012486
1
Time for model 1491 is:0:00:08.267882
1
Time for model 1492 is:0:00:09.614392
1
Time for model 1493 is:0:00:09.954634
1
Time for model 1494 is:0:00:08.213301
1
Time for model 1495 is:0:00:10.334572
1
Time for model 1485 is:0:00:08.489562
1
Time for model 1486 is:0:00:09.172276
1
Time for model 1487 is:0:00:08.950860
1
Time for model 1488 is:0:00:08.405958
1
Time for model 1489 is:0:00:09.653609
1
Time for model 1490 is:0:00:08.577315
1
Time for model 1491 is:0:00:09.644203
1
Time for model 1492 is:0:00:08.450448
1
Time for model 1493 is:0:00:09.987381
1
Time for model 1494 is:0:00:07.832415
1
Time for model 1495 is:0:00:09.645231
Total time for completion: 0:07:59.817376
alpha:   10.0
date:  2019-11-15
start model 1485
stop model 1496
split both
