1
Time for model 968 is:0:00:05.636015
1
Time for model 969 is:0:00:05.716973
1
Time for model 970 is:0:00:07.049639
1
Time for model 971 is:0:00:06.544704
1
Time for model 972 is:0:00:05.684695
1
Time for model 973 is:0:00:05.829324
1
Time for model 974 is:0:00:05.385880
1
Time for model 975 is:0:00:05.348116
1
Time for model 976 is:0:00:05.429502
1
Time for model 977 is:0:00:05.486549
1
Time for model 978 is:0:00:05.536781
1
Time for model 968 is:0:00:05.487513
1
Time for model 969 is:0:00:05.483392
1
Time for model 970 is:0:00:05.653255
1
Time for model 971 is:0:00:06.790087
1
Time for model 972 is:0:00:06.070419
1
Time for model 973 is:0:00:05.295931
1
Time for model 974 is:0:00:05.420487
1
Time for model 975 is:0:00:05.466591
1
Time for model 976 is:0:00:06.234905
1
Time for model 977 is:0:00:06.390728
1
Time for model 978 is:0:00:05.626313
Total time for completion: 0:04:28.873386
alpha:   10.0
date:  2019-11-15
start model 968
stop model 979
split both
