1
Time for model 121 is:0:00:04.152117
1
Time for model 122 is:0:00:04.148551
1
Time for model 123 is:0:00:04.150966
1
Time for model 124 is:0:00:04.145727
1
Time for model 125 is:0:00:04.146580
1
Time for model 126 is:0:00:04.157880
1
Time for model 127 is:0:00:04.145713
1
Time for model 128 is:0:00:04.148482
1
Time for model 129 is:0:00:04.149222
1
Time for model 130 is:0:00:04.148921
1
Time for model 131 is:0:00:04.147056
1
Time for model 121 is:0:00:04.146494
1
Time for model 122 is:0:00:04.153128
1
Time for model 123 is:0:00:04.146037
1
Time for model 124 is:0:00:04.146380
1
Time for model 125 is:0:00:04.142728
1
Time for model 126 is:0:00:04.144882
1
Time for model 127 is:0:00:04.145013
1
Time for model 128 is:0:00:04.144325
1
Time for model 129 is:0:00:04.151939
1
Time for model 130 is:0:00:04.142418
1
Time for model 131 is:0:00:04.143694
Total time for completion: 0:03:33.486176
alpha:   10.0
date:  2019-11-15
start model 121
stop model 132
split both
