1
Time for model 935 is:0:00:06.919749
1
Time for model 936 is:0:00:05.470927
1
Time for model 937 is:0:00:05.345297
1
Time for model 938 is:0:00:05.343961
1
Time for model 939 is:0:00:05.088036
1
Time for model 940 is:0:00:05.123116
1
Time for model 941 is:0:00:05.172180
1
Time for model 942 is:0:00:05.090564
1
Time for model 943 is:0:00:05.321448
1
Time for model 944 is:0:00:05.403776
1
Time for model 945 is:0:00:05.422566
1
Time for model 935 is:0:00:05.442079
1
Time for model 936 is:0:00:05.416721
1
Time for model 937 is:0:00:05.415648
1
Time for model 938 is:0:00:05.403160
1
Time for model 939 is:0:00:05.364414
1
Time for model 940 is:0:00:05.648784
1
Time for model 941 is:0:00:06.214573
1
Time for model 942 is:0:00:05.275530
1
Time for model 943 is:0:00:05.337301
1
Time for model 944 is:0:00:05.442404
1
Time for model 945 is:0:00:05.347893
Total time for completion: 0:04:17.679759
alpha:   10.0
date:  2019-11-15
start model 935
stop model 946
split both
