1
Time for model 1595 is:0:00:04.634856
1
Time for model 1596 is:0:00:04.565835
1
Time for model 1597 is:0:00:04.542503
1
Time for model 1598 is:0:00:04.665682
1
Time for model 1599 is:0:00:04.471724
1
Time for model 1600 is:0:00:04.815804
1
Time for model 1601 is:0:00:04.430781
1
Time for model 1602 is:0:00:03.259818
1
Time for model 1603 is:0:00:03.243243
1
Time for model 1604 is:0:00:03.250619
1
Time for model 1605 is:0:00:03.409281
1
Time for model 1595 is:0:00:03.486450
1
Time for model 1596 is:0:00:03.253010
1
Time for model 1597 is:0:00:03.251561
1
Time for model 1598 is:0:00:03.250382
1
Time for model 1599 is:0:00:03.356412
1
Time for model 1600 is:0:00:03.266265
1
Time for model 1601 is:0:00:03.258311
1
Time for model 1602 is:0:00:03.561392
1
Time for model 1603 is:0:00:03.777553
1
Time for model 1604 is:0:00:03.656062
1
Time for model 1605 is:0:00:03.530511
Total time for completion: 0:04:50.423184
alpha:   10.0
date:  2019-11-15
start model 1595
stop model 1606
split both
