1
Time for model 429 is:0:00:04.805678
1
Time for model 430 is:0:00:05.349577
1
Time for model 431 is:0:00:05.387227
1
Time for model 432 is:0:00:05.147763
1
Time for model 433 is:0:00:05.147022
1
Time for model 434 is:0:00:05.264862
1
Time for model 435 is:0:00:05.157249
1
Time for model 436 is:0:00:05.124993
1
Time for model 437 is:0:00:05.050181
1
Time for model 438 is:0:00:05.006181
1
Time for model 439 is:0:00:04.837360
1
Time for model 429 is:0:00:04.815425
1
Time for model 430 is:0:00:04.711091
1
Time for model 431 is:0:00:04.862306
1
Time for model 432 is:0:00:04.725771
1
Time for model 433 is:0:00:05.621114
1
Time for model 434 is:0:00:05.618064
1
Time for model 435 is:0:00:05.692039
1
Time for model 436 is:0:00:05.535716
1
Time for model 437 is:0:00:04.876646
1
Time for model 438 is:0:00:04.906561
1
Time for model 439 is:0:00:05.422198
Total time for completion: 0:04:21.003025
alpha:   10.0
date:  2019-11-15
start model 429
stop model 440
split both
