1
Time for model 11 is:0:00:04.580183
1
Time for model 12 is:0:00:04.485266
1
Time for model 13 is:0:00:04.496420
1
Time for model 14 is:0:00:04.486562
1
Time for model 15 is:0:00:04.497812
1
Time for model 16 is:0:00:04.461836
1
Time for model 17 is:0:00:04.687654
1
Time for model 18 is:0:00:04.727246
1
Time for model 19 is:0:00:04.717706
1
Time for model 20 is:0:00:04.729192
1
Time for model 21 is:0:00:04.770894
1
Time for model 11 is:0:00:04.731807
1
Time for model 12 is:0:00:04.568973
1
Time for model 13 is:0:00:04.438245
1
Time for model 14 is:0:00:04.405087
1
Time for model 15 is:0:00:04.412552
1
Time for model 16 is:0:00:04.394778
1
Time for model 17 is:0:00:04.459812
1
Time for model 18 is:0:00:04.416350
1
Time for model 19 is:0:00:04.417044
1
Time for model 20 is:0:00:04.409185
1
Time for model 21 is:0:00:04.400154
Total time for completion: 0:03:48.261464
alpha:   10.0
date:  2019-11-15
start model 11
stop model 22
split both
