1
Time for model 1001 is:0:00:06.916596
1
Time for model 1002 is:0:00:06.628520
1
Time for model 1003 is:0:00:06.596633
1
Time for model 1004 is:0:00:05.923984
1
Time for model 1005 is:0:00:05.844454
1
Time for model 1006 is:0:00:05.942537
1
Time for model 1007 is:0:00:05.812859
1
Time for model 1008 is:0:00:05.809144
1
Time for model 1009 is:0:00:05.529860
1
Time for model 1010 is:0:00:05.541555
1
Time for model 1011 is:0:00:05.789890
1
Time for model 1001 is:0:00:05.571071
1
Time for model 1002 is:0:00:05.688686
1
Time for model 1003 is:0:00:06.894588
1
Time for model 1004 is:0:00:06.619902
1
Time for model 1005 is:0:00:05.836294
1
Time for model 1006 is:0:00:06.043109
1
Time for model 1007 is:0:00:05.726672
1
Time for model 1008 is:0:00:05.644860
1
Time for model 1009 is:0:00:06.342139
1
Time for model 1010 is:0:00:06.409822
1
Time for model 1011 is:0:00:05.733521
Total time for completion: 0:04:55.403012
alpha:   10.0
date:  2019-11-15
start model 1001
stop model 1012
split both
