1
Time for model 1771 is:0:00:08.174714
1
Time for model 1772 is:0:00:07.484136
1
Time for model 1773 is:0:00:06.881977
1
Time for model 1774 is:0:00:07.183042
1
Time for model 1775 is:0:00:07.292606
1
Time for model 1776 is:0:00:07.424561
1
Time for model 1777 is:0:00:07.031009
1
Time for model 1778 is:0:00:07.351926
1
Time for model 1779 is:0:00:05.503769
1
Time for model 1780 is:0:00:06.484986
1
Time for model 1781 is:0:00:04.442076
1
Time for model 1771 is:0:00:06.104210
1
Time for model 1772 is:0:00:05.784773
1
Time for model 1773 is:0:00:05.642224
1
Time for model 1774 is:0:00:05.380144
1
Time for model 1775 is:0:00:05.167190
1
Time for model 1776 is:0:00:05.697978
1
Time for model 1777 is:0:00:05.673206
1
Time for model 1778 is:0:00:05.578328
1
Time for model 1779 is:0:00:05.604451
1
Time for model 1780 is:0:00:05.588239
1
Time for model 1781 is:0:00:04.327091
Total time for completion: 0:06:57.540171
alpha:   10.0
date:  2019-11-15
start model 1771
stop model 1782
split both
