1
Time for model 286 is:0:00:04.472692
1
Time for model 287 is:0:00:04.478181
1
Time for model 288 is:0:00:04.469886
1
Time for model 289 is:0:00:04.525450
1
Time for model 290 is:0:00:04.501696
1
Time for model 291 is:0:00:04.912096
1
Time for model 292 is:0:00:04.877783
1
Time for model 293 is:0:00:04.894463
1
Time for model 294 is:0:00:04.871016
1
Time for model 295 is:0:00:04.849570
1
Time for model 296 is:0:00:04.423194
1
Time for model 286 is:0:00:04.442875
1
Time for model 287 is:0:00:04.444201
1
Time for model 288 is:0:00:04.443678
1
Time for model 289 is:0:00:04.427590
1
Time for model 290 is:0:00:04.430534
1
Time for model 291 is:0:00:04.479043
1
Time for model 292 is:0:00:04.433352
1
Time for model 293 is:0:00:04.448300
1
Time for model 294 is:0:00:05.231194
1
Time for model 295 is:0:00:05.322701
1
Time for model 296 is:0:00:04.869091
Total time for completion: 0:03:51.791548
alpha:   10.0
date:  2019-11-15
start model 286
stop model 297
split both
