1
Time for model 803 is:0:00:12.721314
1
Time for model 804 is:0:00:09.382420
1
Time for model 805 is:0:00:08.270701
1
Time for model 806 is:0:00:07.861341
1
Time for model 807 is:0:00:08.530162
1
Time for model 808 is:0:00:10.467724
1
Time for model 809 is:0:00:11.765989
1
Time for model 810 is:0:00:10.465366
1
Time for model 811 is:0:00:08.864210
1
Time for model 812 is:0:00:10.242929
1
Time for model 813 is:0:00:10.486291
1
Time for model 803 is:0:00:09.695758
1
Time for model 804 is:0:00:09.085805
1
Time for model 805 is:0:00:10.489012
1
Time for model 806 is:0:00:10.223732
1
Time for model 807 is:0:00:09.952868
1
Time for model 808 is:0:00:09.312478
1
Time for model 809 is:0:00:10.084450
1
Time for model 810 is:0:00:10.153009
1
Time for model 811 is:0:00:10.163402
1
Time for model 812 is:0:00:08.353701
1
Time for model 813 is:0:00:07.093111
Total time for completion: 0:08:49.874195
alpha:   10.0
date:  2019-11-15
start model 803
stop model 814
split both
