1
Time for model 1012 is:0:00:06.785163
1
Time for model 1013 is:0:00:06.273393
1
Time for model 1014 is:0:00:05.796576
1
Time for model 1015 is:0:00:05.271997
1
Time for model 1016 is:0:00:05.628575
1
Time for model 1017 is:0:00:05.656602
1
Time for model 1018 is:0:00:05.574652
1
Time for model 1019 is:0:00:05.637670
1
Time for model 1020 is:0:00:05.410793
1
Time for model 1021 is:0:00:05.300775
1
Time for model 1022 is:0:00:05.322828
1
Time for model 1012 is:0:00:05.529138
1
Time for model 1013 is:0:00:05.332997
1
Time for model 1014 is:0:00:05.537573
1
Time for model 1015 is:0:00:07.281268
1
Time for model 1016 is:0:00:05.892180
1
Time for model 1017 is:0:00:05.995384
1
Time for model 1018 is:0:00:05.905538
1
Time for model 1019 is:0:00:05.428269
1
Time for model 1020 is:0:00:05.888268
1
Time for model 1021 is:0:00:06.044908
1
Time for model 1022 is:0:00:06.144166
Total time for completion: 0:04:47.080223
alpha:   10.0
date:  2019-11-15
start model 1012
stop model 1023
split both
