1
Time for model 1408 is:0:00:05.878861
1
Time for model 1409 is:0:00:05.317641
1
Time for model 1410 is:0:00:06.545502
1
Time for model 1411 is:0:00:07.154954
1
Time for model 1412 is:0:00:07.677796
1
Time for model 1413 is:0:00:07.670012
1
Time for model 1414 is:0:00:08.014015
1
Time for model 1415 is:0:00:07.546122
1
Time for model 1416 is:0:00:07.710280
1
Time for model 1417 is:0:00:08.017012
1
Time for model 1418 is:0:00:07.250391
1
Time for model 1408 is:0:00:07.503330
1
Time for model 1409 is:0:00:08.076887
1
Time for model 1410 is:0:00:08.396376
1
Time for model 1411 is:0:00:06.947500
1
Time for model 1412 is:0:00:08.501497
1
Time for model 1413 is:0:00:08.067695
1
Time for model 1414 is:0:00:07.767334
1
Time for model 1415 is:0:00:08.166974
1
Time for model 1416 is:0:00:08.917181
1
Time for model 1417 is:0:00:07.628173
1
Time for model 1418 is:0:00:07.195044
Total time for completion: 0:07:05.213371
alpha:   10.0
date:  2019-11-15
start model 1408
stop model 1419
split both
