1
Time for model 1529 is:0:00:05.158364
1
Time for model 1530 is:0:00:04.656610
1
Time for model 1531 is:0:00:04.136864
1
Time for model 1532 is:0:00:03.962494
1
Time for model 1533 is:0:00:04.740860
1
Time for model 1534 is:0:00:05.545004
1
Time for model 1535 is:0:00:05.585164
1
Time for model 1536 is:0:00:05.849908
1
Time for model 1537 is:0:00:07.122966
1
Time for model 1538 is:0:00:06.693863
1
Time for model 1539 is:0:00:05.342561
1
Time for model 1529 is:0:00:05.913651
1
Time for model 1530 is:0:00:05.889224
1
Time for model 1531 is:0:00:04.820783
1
Time for model 1532 is:0:00:05.060525
1
Time for model 1533 is:0:00:05.583996
1
Time for model 1534 is:0:00:04.980150
1
Time for model 1535 is:0:00:05.761856
1
Time for model 1536 is:0:00:06.372639
1
Time for model 1537 is:0:00:07.470789
1
Time for model 1538 is:0:00:05.985313
1
Time for model 1539 is:0:00:06.940495
Total time for completion: 0:06:28.327552
alpha:   10.0
date:  2019-11-15
start model 1529
stop model 1540
split both
