1
Time for model 1287 is:0:00:07.015481
1
Time for model 1288 is:0:00:06.842774
1
Time for model 1289 is:0:00:06.348327
1
Time for model 1290 is:0:00:07.030008
1
Time for model 1291 is:0:00:06.733124
1
Time for model 1292 is:0:00:06.502852
1
Time for model 1293 is:0:00:06.663166
1
Time for model 1294 is:0:00:06.532014
1
Time for model 1295 is:0:00:07.839704
1
Time for model 1296 is:0:00:06.438917
1
Time for model 1297 is:0:00:05.664112
1
Time for model 1287 is:0:00:05.515316
1
Time for model 1288 is:0:00:06.240995
1
Time for model 1289 is:0:00:06.657260
1
Time for model 1290 is:0:00:06.636606
1
Time for model 1291 is:0:00:06.379739
1
Time for model 1292 is:0:00:06.248384
1
Time for model 1293 is:0:00:06.238658
1
Time for model 1294 is:0:00:06.198409
1
Time for model 1295 is:0:00:06.549225
1
Time for model 1296 is:0:00:06.342020
1
Time for model 1297 is:0:00:05.228672
Total time for completion: 0:06:22.402065
alpha:   10.0
date:  2019-11-15
start model 1287
stop model 1298
split both
