1
Time for model 748 is:0:00:07.070223
1
Time for model 749 is:0:00:06.434009
1
Time for model 750 is:0:00:06.438398
1
Time for model 751 is:0:00:06.634911
1
Time for model 752 is:0:00:06.492937
1
Time for model 753 is:0:00:06.498126
1
Time for model 754 is:0:00:06.461834
1
Time for model 755 is:0:00:06.252650
1
Time for model 756 is:0:00:06.159121
1
Time for model 757 is:0:00:05.998889
1
Time for model 758 is:0:00:06.018739
1
Time for model 748 is:0:00:06.317382
1
Time for model 749 is:0:00:05.892266
1
Time for model 750 is:0:00:06.012255
1
Time for model 751 is:0:00:06.176920
1
Time for model 752 is:0:00:07.337937
1
Time for model 753 is:0:00:07.108699
1
Time for model 754 is:0:00:07.121376
1
Time for model 755 is:0:00:05.847387
1
Time for model 756 is:0:00:06.842861
1
Time for model 757 is:0:00:07.573442
1
Time for model 758 is:0:00:07.366494
Total time for completion: 0:05:26.889629
alpha:   10.0
date:  2019-11-15
start model 748
stop model 759
split both
