1
Time for model 22 is:0:00:04.567835
1
Time for model 23 is:0:00:04.574211
1
Time for model 24 is:0:00:04.726270
1
Time for model 25 is:0:00:04.459410
1
Time for model 26 is:0:00:04.702967
1
Time for model 27 is:0:00:04.560608
1
Time for model 28 is:0:00:04.616400
1
Time for model 29 is:0:00:04.711317
1
Time for model 30 is:0:00:04.572497
1
Time for model 31 is:0:00:04.596845
1
Time for model 32 is:0:00:04.435780
1
Time for model 22 is:0:00:04.443204
1
Time for model 23 is:0:00:04.494938
1
Time for model 24 is:0:00:04.611166
1
Time for model 25 is:0:00:05.252825
1
Time for model 26 is:0:00:07.516534
1
Time for model 27 is:0:00:05.615443
1
Time for model 28 is:0:00:04.609115
1
Time for model 29 is:0:00:04.636352
1
Time for model 30 is:0:00:04.706656
1
Time for model 31 is:0:00:04.654611
1
Time for model 32 is:0:00:04.629055
Total time for completion: 0:04:00.229877
alpha:   10.0
date:  2019-11-15
start model 22
stop model 33
split both
