1
Time for model 990 is:0:00:05.404809
1
Time for model 991 is:0:00:05.493625
1
Time for model 992 is:0:00:05.574231
1
Time for model 993 is:0:00:07.064306
1
Time for model 994 is:0:00:06.958170
1
Time for model 995 is:0:00:06.447020
1
Time for model 996 is:0:00:06.124013
1
Time for model 997 is:0:00:06.036327
1
Time for model 998 is:0:00:05.657971
1
Time for model 999 is:0:00:05.705746
1
Time for model 1000 is:0:00:05.643861
1
Time for model 990 is:0:00:05.638864
1
Time for model 991 is:0:00:05.617371
1
Time for model 992 is:0:00:05.564384
1
Time for model 993 is:0:00:07.049138
1
Time for model 994 is:0:00:06.947628
1
Time for model 995 is:0:00:06.292050
1
Time for model 996 is:0:00:05.601217
1
Time for model 997 is:0:00:05.603148
1
Time for model 998 is:0:00:05.830113
1
Time for model 999 is:0:00:06.407438
1
Time for model 1000 is:0:00:05.543256
Total time for completion: 0:04:36.498978
alpha:   10.0
date:  2019-11-15
start model 990
stop model 1001
split both
