1
Time for model 627 is:0:00:11.452403
1
Time for model 628 is:0:00:09.801526
1
Time for model 629 is:0:00:07.918248
1
Time for model 630 is:0:00:07.986879
1
Time for model 631 is:0:00:07.992797
1
Time for model 632 is:0:00:07.046675
1
Time for model 633 is:0:00:07.004134
1
Time for model 634 is:0:00:07.365016
1
Time for model 635 is:0:00:06.757068
1
Time for model 636 is:0:00:08.420910
1
Time for model 637 is:0:00:09.133255
1
Time for model 627 is:0:00:09.444445
1
Time for model 628 is:0:00:07.372146
1
Time for model 629 is:0:00:09.314270
1
Time for model 630 is:0:00:09.138797
1
Time for model 631 is:0:00:09.078771
1
Time for model 632 is:0:00:06.787359
1
Time for model 633 is:0:00:09.357604
1
Time for model 634 is:0:00:09.153660
1
Time for model 635 is:0:00:09.135958
1
Time for model 636 is:0:00:06.762567
1
Time for model 637 is:0:00:09.174439
Total time for completion: 0:06:46.789390
alpha:   10.0
date:  2019-11-15
start model 627
stop model 638
split both
