1
Time for model 847 is:0:00:11.116100
1
Time for model 848 is:0:00:09.243854
1
Time for model 849 is:0:00:08.999289
1
Time for model 850 is:0:00:08.056238
1
Time for model 851 is:0:00:07.881443
1
Time for model 852 is:0:00:08.870170
1
Time for model 853 is:0:00:11.169598
1
Time for model 854 is:0:00:09.575965
1
Time for model 855 is:0:00:09.405345
1
Time for model 856 is:0:00:08.080672
1
Time for model 857 is:0:00:09.902586
1
Time for model 847 is:0:00:09.890015
1
Time for model 848 is:0:00:09.608067
1
Time for model 849 is:0:00:08.267272
1
Time for model 850 is:0:00:09.361677
1
Time for model 851 is:0:00:09.827714
1
Time for model 852 is:0:00:09.697387
1
Time for model 853 is:0:00:08.560700
1
Time for model 854 is:0:00:09.044836
1
Time for model 855 is:0:00:10.275973
1
Time for model 856 is:0:00:10.117078
1
Time for model 857 is:0:00:08.867569
Total time for completion: 0:08:30.728719
alpha:   10.0
date:  2019-11-15
start model 847
stop model 858
split both
