1
Time for model 154 is:0:00:04.135880
1
Time for model 155 is:0:00:04.138757
1
Time for model 156 is:0:00:04.142771
1
Time for model 157 is:0:00:04.196583
1
Time for model 158 is:0:00:04.189295
1
Time for model 159 is:0:00:04.155525
1
Time for model 160 is:0:00:04.140557
1
Time for model 161 is:0:00:04.138054
1
Time for model 162 is:0:00:04.142673
1
Time for model 163 is:0:00:04.136256
1
Time for model 164 is:0:00:04.131724
1
Time for model 154 is:0:00:04.144274
1
Time for model 155 is:0:00:04.144579
1
Time for model 156 is:0:00:04.141123
1
Time for model 157 is:0:00:04.140810
1
Time for model 158 is:0:00:04.135617
1
Time for model 159 is:0:00:04.128979
1
Time for model 160 is:0:00:04.160910
1
Time for model 161 is:0:00:04.192428
1
Time for model 162 is:0:00:04.148242
1
Time for model 163 is:0:00:04.131868
1
Time for model 164 is:0:00:04.131326
Total time for completion: 0:03:31.651434
alpha:   10.0
date:  2019-11-15
start model 154
stop model 165
split both
