1
Time for model 209 is:0:00:04.376715
1
Time for model 210 is:0:00:04.382274
1
Time for model 211 is:0:00:04.378766
1
Time for model 212 is:0:00:04.387699
1
Time for model 213 is:0:00:04.378978
1
Time for model 214 is:0:00:04.376109
1
Time for model 215 is:0:00:04.377961
1
Time for model 216 is:0:00:04.377537
1
Time for model 217 is:0:00:04.378966
1
Time for model 218 is:0:00:04.375841
1
Time for model 219 is:0:00:04.383951
1
Time for model 209 is:0:00:04.375102
1
Time for model 210 is:0:00:04.375399
1
Time for model 211 is:0:00:04.371710
1
Time for model 212 is:0:00:04.372359
1
Time for model 213 is:0:00:04.373504
1
Time for model 214 is:0:00:04.369768
1
Time for model 215 is:0:00:04.376359
1
Time for model 216 is:0:00:04.371196
1
Time for model 217 is:0:00:04.368783
1
Time for model 218 is:0:00:04.372519
1
Time for model 219 is:0:00:04.360631
Total time for completion: 0:03:46.584398
alpha:   10.0
date:  2019-11-15
start model 209
stop model 220
split both
