1
Time for model 1056 is:0:00:06.845994
1
Time for model 1057 is:0:00:07.125890
1
Time for model 1058 is:0:00:06.803599
1
Time for model 1059 is:0:00:06.575497
1
Time for model 1060 is:0:00:05.841999
1
Time for model 1061 is:0:00:05.852636
1
Time for model 1062 is:0:00:06.077097
1
Time for model 1063 is:0:00:05.637676
1
Time for model 1064 is:0:00:05.530424
1
Time for model 1065 is:0:00:05.448476
1
Time for model 1066 is:0:00:05.706547
1
Time for model 1056 is:0:00:05.455245
1
Time for model 1057 is:0:00:05.557739
1
Time for model 1058 is:0:00:06.850909
1
Time for model 1059 is:0:00:07.285786
1
Time for model 1060 is:0:00:06.382206
1
Time for model 1061 is:0:00:06.386051
1
Time for model 1062 is:0:00:05.488549
1
Time for model 1063 is:0:00:06.337258
1
Time for model 1064 is:0:00:06.481500
1
Time for model 1065 is:0:00:05.940499
1
Time for model 1066 is:0:00:05.281154
Total time for completion: 0:04:58.844957
alpha:   10.0
date:  2019-11-15
start model 1056
stop model 1067
split both
