1
Time for model 1111 is:0:00:04.256755
1
Time for model 1112 is:0:00:04.260405
1
Time for model 1113 is:0:00:04.258498
1
Time for model 1114 is:0:00:04.268547
1
Time for model 1115 is:0:00:04.288453
1
Time for model 1116 is:0:00:04.268630
1
Time for model 1117 is:0:00:04.260194
1
Time for model 1118 is:0:00:04.268615
1
Time for model 1119 is:0:00:04.248433
1
Time for model 1120 is:0:00:04.246263
1
Time for model 1121 is:0:00:04.281183
1
Time for model 1111 is:0:00:04.265450
1
Time for model 1112 is:0:00:04.258762
1
Time for model 1113 is:0:00:04.253120
1
Time for model 1114 is:0:00:04.262189
1
Time for model 1115 is:0:00:04.275146
1
Time for model 1116 is:0:00:04.267668
1
Time for model 1117 is:0:00:04.286569
1
Time for model 1118 is:0:00:04.270534
1
Time for model 1119 is:0:00:04.255384
1
Time for model 1120 is:0:00:04.253761
1
Time for model 1121 is:0:00:04.249833
Total time for completion: 0:03:39.876364
alpha:   10.0
date:  2019-11-15
start model 1111
stop model 1122
split both
