1
Time for model 616 is:0:00:08.138942
1
Time for model 617 is:0:00:07.526469
1
Time for model 618 is:0:00:07.601770
1
Time for model 619 is:0:00:07.413228
1
Time for model 620 is:0:00:06.709740
1
Time for model 621 is:0:00:06.899023
1
Time for model 622 is:0:00:07.504094
1
Time for model 623 is:0:00:06.804577
1
Time for model 624 is:0:00:06.732518
1
Time for model 625 is:0:00:06.969888
1
Time for model 626 is:0:00:08.773994
1
Time for model 616 is:0:00:09.062299
1
Time for model 617 is:0:00:08.293381
1
Time for model 618 is:0:00:06.693948
1
Time for model 619 is:0:00:08.993637
1
Time for model 620 is:0:00:09.100205
1
Time for model 621 is:0:00:09.303743
1
Time for model 622 is:0:00:06.591674
1
Time for model 623 is:0:00:07.412520
1
Time for model 624 is:0:00:07.899746
1
Time for model 625 is:0:00:07.747941
1
Time for model 626 is:0:00:06.961566
Total time for completion: 0:07:23.624609
alpha:   10.0
date:  2019-11-15
start model 616
stop model 627
split both
