1
Time for model 1705 is:0:00:10.623622
1
Time for model 1706 is:0:00:11.799638
1
Time for model 1707 is:0:00:11.943052
1
Time for model 1708 is:0:00:11.266379
1
Time for model 1709 is:0:00:11.914157
1
Time for model 1710 is:0:00:12.406585
1
Time for model 1711 is:0:00:11.261439
1
Time for model 1712 is:0:00:11.940257
1
Time for model 1713 is:0:00:12.263303
1
Time for model 1714 is:0:00:10.835493
1
Time for model 1715 is:0:00:12.837919
1
Time for model 1705 is:0:00:12.922118
1
Time for model 1706 is:0:00:10.784255
1
Time for model 1707 is:0:00:11.157530
1
Time for model 1708 is:0:00:07.974430
1
Time for model 1709 is:0:00:06.849510
1
Time for model 1710 is:0:00:07.924553
1
Time for model 1711 is:0:00:06.369153
1
Time for model 1712 is:0:00:07.823334
1
Time for model 1713 is:0:00:06.517456
1
Time for model 1714 is:0:00:04.945929
1
Time for model 1715 is:0:00:04.620445
Total time for completion: 0:08:06.430794
alpha:   10.0
date:  2019-11-15
start model 1705
stop model 1716
split both
