1
Time for model 1221 is:0:00:10.480929
1
Time for model 1222 is:0:00:09.740360
1
Time for model 1223 is:0:00:09.502752
1
Time for model 1224 is:0:00:09.268481
1
Time for model 1225 is:0:00:10.411927
1
Time for model 1226 is:0:00:08.280909
1
Time for model 1227 is:0:00:10.039414
1
Time for model 1228 is:0:00:09.318088
1
Time for model 1229 is:0:00:09.440941
1
Time for model 1230 is:0:00:10.168510
1
Time for model 1231 is:0:00:08.479385
1
Time for model 1221 is:0:00:10.412711
1
Time for model 1222 is:0:00:09.046757
1
Time for model 1223 is:0:00:09.181098
1
Time for model 1224 is:0:00:10.520929
1
Time for model 1225 is:0:00:07.810992
1
Time for model 1226 is:0:00:10.689831
1
Time for model 1227 is:0:00:09.704449
1
Time for model 1228 is:0:00:08.367898
1
Time for model 1229 is:0:00:10.787034
1
Time for model 1230 is:0:00:08.977178
1
Time for model 1231 is:0:00:09.510586
Total time for completion: 0:08:15.008234
alpha:   10.0
date:  2019-11-15
start model 1221
stop model 1232
split both
