1
Time for model 1331 is:0:00:09.706742
1
Time for model 1332 is:0:00:10.968219
1
Time for model 1333 is:0:00:10.357873
1
Time for model 1334 is:0:00:11.043474
1
Time for model 1335 is:0:00:11.664536
1
Time for model 1336 is:0:00:09.826241
1
Time for model 1337 is:0:00:11.285329
1
Time for model 1338 is:0:00:10.508848
1
Time for model 1339 is:0:00:09.729906
1
Time for model 1340 is:0:00:11.219593
1
Time for model 1341 is:0:00:10.241720
1
Time for model 1331 is:0:00:11.249124
1
Time for model 1332 is:0:00:09.863909
1
Time for model 1333 is:0:00:11.305640
1
Time for model 1334 is:0:00:04.745776
1
Time for model 1335 is:0:00:07.732418
1
Time for model 1336 is:0:00:06.625975
1
Time for model 1337 is:0:00:08.120302
1
Time for model 1338 is:0:00:06.999729
1
Time for model 1339 is:0:00:07.222877
1
Time for model 1340 is:0:00:07.183459
1
Time for model 1341 is:0:00:05.928977
Total time for completion: 0:08:01.595375
alpha:   10.0
date:  2019-11-15
start model 1331
stop model 1342
split both
