1
Time for model 451 is:0:00:04.399628
1
Time for model 452 is:0:00:04.450059
1
Time for model 453 is:0:00:05.002239
1
Time for model 454 is:0:00:05.871408
1
Time for model 455 is:0:00:04.879535
1
Time for model 456 is:0:00:04.794249
1
Time for model 457 is:0:00:04.802121
1
Time for model 458 is:0:00:04.831856
1
Time for model 459 is:0:00:04.838843
1
Time for model 460 is:0:00:04.445872
1
Time for model 461 is:0:00:04.493125
1
Time for model 451 is:0:00:04.364475
1
Time for model 452 is:0:00:04.535618
1
Time for model 453 is:0:00:04.306811
1
Time for model 454 is:0:00:04.296724
1
Time for model 455 is:0:00:04.310323
1
Time for model 456 is:0:00:04.292876
1
Time for model 457 is:0:00:05.091503
1
Time for model 458 is:0:00:05.115332
1
Time for model 459 is:0:00:05.122541
1
Time for model 460 is:0:00:04.790849
1
Time for model 461 is:0:00:04.238574
Total time for completion: 0:04:18.193087
alpha:   10.0
date:  2019-11-15
start model 451
stop model 462
split both
