1
Time for model 176 is:0:00:04.290725
1
Time for model 177 is:0:00:04.288198
1
Time for model 178 is:0:00:04.285484
1
Time for model 179 is:0:00:04.291964
1
Time for model 180 is:0:00:04.293009
1
Time for model 181 is:0:00:04.281513
1
Time for model 182 is:0:00:04.287646
1
Time for model 183 is:0:00:04.287485
1
Time for model 184 is:0:00:04.287387
1
Time for model 185 is:0:00:04.290634
1
Time for model 186 is:0:00:04.286184
1
Time for model 176 is:0:00:04.300793
1
Time for model 177 is:0:00:04.290242
1
Time for model 178 is:0:00:04.289533
1
Time for model 179 is:0:00:04.290043
1
Time for model 180 is:0:00:04.291484
1
Time for model 181 is:0:00:04.288119
1
Time for model 182 is:0:00:04.286595
1
Time for model 183 is:0:00:04.293742
1
Time for model 184 is:0:00:04.285225
1
Time for model 185 is:0:00:04.294659
1
Time for model 186 is:0:00:04.290883
Total time for completion: 0:03:42.283288
alpha:   10.0
date:  2019-11-15
start model 176
stop model 187
split both
