1
Time for model 1100 is:0:00:04.648243
1
Time for model 1101 is:0:00:04.652655
1
Time for model 1102 is:0:00:04.631051
1
Time for model 1103 is:0:00:04.656558
1
Time for model 1104 is:0:00:04.589479
1
Time for model 1105 is:0:00:04.595888
1
Time for model 1106 is:0:00:04.584974
1
Time for model 1107 is:0:00:04.599904
1
Time for model 1108 is:0:00:04.596325
1
Time for model 1109 is:0:00:04.600561
1
Time for model 1110 is:0:00:04.636524
1
Time for model 1100 is:0:00:04.596179
1
Time for model 1101 is:0:00:04.593373
1
Time for model 1102 is:0:00:04.647499
1
Time for model 1103 is:0:00:04.655140
1
Time for model 1104 is:0:00:04.666918
1
Time for model 1105 is:0:00:04.599560
1
Time for model 1106 is:0:00:04.572167
1
Time for model 1107 is:0:00:04.585502
1
Time for model 1108 is:0:00:04.545377
1
Time for model 1109 is:0:00:04.533282
1
Time for model 1110 is:0:00:04.561797
Total time for completion: 0:03:54.863069
alpha:   10.0
date:  2019-11-15
start model 1100
stop model 1111
split both
