1
Time for model 1738 is:0:00:08.026151
1
Time for model 1739 is:0:00:07.805466
1
Time for model 1740 is:0:00:06.944686
1
Time for model 1741 is:0:00:07.104973
1
Time for model 1742 is:0:00:06.602715
1
Time for model 1743 is:0:00:07.079919
1
Time for model 1744 is:0:00:07.087125
1
Time for model 1745 is:0:00:07.417655
1
Time for model 1746 is:0:00:07.711937
1
Time for model 1747 is:0:00:07.015346
1
Time for model 1748 is:0:00:06.494372
1
Time for model 1738 is:0:00:07.626556
1
Time for model 1739 is:0:00:07.160492
1
Time for model 1740 is:0:00:06.805298
1
Time for model 1741 is:0:00:06.254630
1
Time for model 1742 is:0:00:07.138214
1
Time for model 1743 is:0:00:07.477798
1
Time for model 1744 is:0:00:06.568511
1
Time for model 1745 is:0:00:07.362084
1
Time for model 1746 is:0:00:06.006810
1
Time for model 1747 is:0:00:06.097381
1
Time for model 1748 is:0:00:07.231208
Total time for completion: 0:06:53.931068
alpha:   10.0
date:  2019-11-15
start model 1738
stop model 1749
split both
