1
Time for model 1639 is:0:00:08.791607
1
Time for model 1640 is:0:00:06.533073
1
Time for model 1641 is:0:00:07.818748
1
Time for model 1642 is:0:00:08.209600
1
Time for model 1643 is:0:00:09.313968
1
Time for model 1644 is:0:00:09.068530
1
Time for model 1645 is:0:00:09.045373
1
Time for model 1646 is:0:00:07.638568
1
Time for model 1647 is:0:00:06.953911
1
Time for model 1648 is:0:00:06.027362
1
Time for model 1649 is:0:00:06.410721
1
Time for model 1639 is:0:00:06.598607
1
Time for model 1640 is:0:00:07.318875
1
Time for model 1641 is:0:00:08.029364
1
Time for model 1642 is:0:00:06.944519
1
Time for model 1643 is:0:00:06.986739
1
Time for model 1644 is:0:00:07.371537
1
Time for model 1645 is:0:00:06.964743
1
Time for model 1646 is:0:00:06.314157
1
Time for model 1647 is:0:00:06.709662
1
Time for model 1648 is:0:00:07.481448
1
Time for model 1649 is:0:00:07.016598
Total time for completion: 0:07:06.555469
alpha:   10.0
date:  2019-11-15
start model 1639
stop model 1650
split both
