1
Time for model 1496 is:0:00:03.522314
1
Time for model 1497 is:0:00:03.687299
1
Time for model 1498 is:0:00:03.779822
1
Time for model 1499 is:0:00:03.740565
1
Time for model 1500 is:0:00:03.707846
1
Time for model 1501 is:0:00:03.803025
1
Time for model 1502 is:0:00:03.572255
1
Time for model 1503 is:0:00:03.458284
1
Time for model 1504 is:0:00:03.494159
1
Time for model 1505 is:0:00:03.548301
1
Time for model 1506 is:0:00:03.604756
1
Time for model 1496 is:0:00:03.371287
1
Time for model 1497 is:0:00:03.528721
1
Time for model 1498 is:0:00:03.447024
1
Time for model 1499 is:0:00:03.614370
1
Time for model 1500 is:0:00:03.775582
1
Time for model 1501 is:0:00:04.108075
1
Time for model 1502 is:0:00:03.879120
1
Time for model 1503 is:0:00:04.036815
1
Time for model 1504 is:0:00:03.547465
1
Time for model 1505 is:0:00:03.688328
1
Time for model 1506 is:0:00:03.845879
Total time for completion: 0:03:31.343208
alpha:   10.0
date:  2019-11-15
start model 1496
stop model 1507
split both
