1
Time for model 957 is:0:00:05.471122
1
Time for model 958 is:0:00:05.271448
1
Time for model 959 is:0:00:05.478340
1
Time for model 960 is:0:00:06.068683
1
Time for model 961 is:0:00:07.304523
1
Time for model 962 is:0:00:07.185843
1
Time for model 963 is:0:00:06.467854
1
Time for model 964 is:0:00:06.172988
1
Time for model 965 is:0:00:05.860439
1
Time for model 966 is:0:00:05.705202
1
Time for model 967 is:0:00:05.639479
1
Time for model 957 is:0:00:05.642198
1
Time for model 958 is:0:00:05.617965
1
Time for model 959 is:0:00:05.514009
1
Time for model 960 is:0:00:05.401039
1
Time for model 961 is:0:00:07.250952
1
Time for model 962 is:0:00:06.681297
1
Time for model 963 is:0:00:06.069904
1
Time for model 964 is:0:00:05.620681
1
Time for model 965 is:0:00:05.344182
1
Time for model 966 is:0:00:06.122358
1
Time for model 967 is:0:00:05.755530
Total time for completion: 0:04:36.663666
alpha:   10.0
date:  2019-11-15
start model 957
stop model 968
split both
