1
Time for model 1320 is:0:00:11.040987
1
Time for model 1321 is:0:00:11.595968
1
Time for model 1322 is:0:00:10.205846
1
Time for model 1323 is:0:00:12.029816
1
Time for model 1324 is:0:00:09.430815
1
Time for model 1325 is:0:00:12.325233
1
Time for model 1326 is:0:00:10.690717
1
Time for model 1327 is:0:00:12.987883
1
Time for model 1328 is:0:00:10.062469
1
Time for model 1329 is:0:00:12.717994
1
Time for model 1330 is:0:00:09.824289
1
Time for model 1320 is:0:00:11.969649
1
Time for model 1321 is:0:00:11.215014
1
Time for model 1322 is:0:00:06.975824
1
Time for model 1323 is:0:00:07.517808
1
Time for model 1324 is:0:00:07.200162
1
Time for model 1325 is:0:00:07.951229
1
Time for model 1326 is:0:00:06.999493
1
Time for model 1327 is:0:00:07.653923
1
Time for model 1328 is:0:00:07.075066
1
Time for model 1329 is:0:00:06.916560
1
Time for model 1330 is:0:00:05.004194
Total time for completion: 0:08:10.474966
alpha:   10.0
date:  2019-11-15
start model 1320
stop model 1331
split both
