1
Time for model 1584 is:0:00:04.070740
1
Time for model 1585 is:0:00:05.351692
1
Time for model 1586 is:0:00:05.334719
1
Time for model 1587 is:0:00:03.557403
1
Time for model 1588 is:0:00:05.142631
1
Time for model 1589 is:0:00:03.380125
1
Time for model 1590 is:0:00:05.057675
1
Time for model 1591 is:0:00:03.530421
1
Time for model 1592 is:0:00:04.703501
1
Time for model 1593 is:0:00:04.716146
1
Time for model 1594 is:0:00:03.699610
1
Time for model 1584 is:0:00:04.258991
1
Time for model 1585 is:0:00:03.451395
1
Time for model 1586 is:0:00:04.194195
1
Time for model 1587 is:0:00:03.612578
1
Time for model 1588 is:0:00:04.066303
1
Time for model 1589 is:0:00:03.287749
1
Time for model 1590 is:0:00:04.054296
1
Time for model 1591 is:0:00:04.744088
1
Time for model 1592 is:0:00:03.407935
1
Time for model 1593 is:0:00:03.615297
1
Time for model 1594 is:0:00:03.848693
Total time for completion: 0:04:00.980712
alpha:   10.0
date:  2019-11-15
start model 1584
stop model 1595
split both
