1
Time for model 726 is:0:00:07.600714
1
Time for model 727 is:0:00:06.317312
1
Time for model 728 is:0:00:06.319239
1
Time for model 729 is:0:00:06.450526
1
Time for model 730 is:0:00:06.332088
1
Time for model 731 is:0:00:06.343768
1
Time for model 732 is:0:00:06.335346
1
Time for model 733 is:0:00:06.311323
1
Time for model 734 is:0:00:05.799354
1
Time for model 735 is:0:00:05.869737
1
Time for model 736 is:0:00:05.887019
1
Time for model 726 is:0:00:06.101305
1
Time for model 727 is:0:00:05.759346
1
Time for model 728 is:0:00:05.875886
1
Time for model 729 is:0:00:05.955761
1
Time for model 730 is:0:00:07.235636
1
Time for model 731 is:0:00:07.002050
1
Time for model 732 is:0:00:07.051366
1
Time for model 733 is:0:00:05.815209
1
Time for model 734 is:0:00:06.501525
1
Time for model 735 is:0:00:07.439464
1
Time for model 736 is:0:00:07.093768
Total time for completion: 0:05:25.850501
alpha:   10.0
date:  2019-11-15
start model 726
stop model 737
split both
