1
Time for model 880 is:0:00:12.373971
1
Time for model 881 is:0:00:10.457700
1
Time for model 882 is:0:00:09.921738
1
Time for model 883 is:0:00:09.109263
1
Time for model 884 is:0:00:08.850632
1
Time for model 885 is:0:00:09.107876
1
Time for model 886 is:0:00:09.967800
1
Time for model 887 is:0:00:10.397398
1
Time for model 888 is:0:00:09.322308
1
Time for model 889 is:0:00:08.796782
1
Time for model 890 is:0:00:09.811714
1
Time for model 880 is:0:00:10.064838
1
Time for model 881 is:0:00:09.609745
1
Time for model 882 is:0:00:08.579675
1
Time for model 883 is:0:00:09.510816
1
Time for model 884 is:0:00:09.972220
1
Time for model 885 is:0:00:09.521365
1
Time for model 886 is:0:00:08.930496
1
Time for model 887 is:0:00:09.791413
1
Time for model 888 is:0:00:09.968512
1
Time for model 889 is:0:00:09.761062
1
Time for model 890 is:0:00:06.458966
Total time for completion: 0:08:35.887671
alpha:   10.0
date:  2019-11-15
start model 880
stop model 891
split both
