1
Time for model 1375 is:0:00:09.780476
1
Time for model 1376 is:0:00:10.746630
1
Time for model 1377 is:0:00:11.463523
1
Time for model 1378 is:0:00:09.588360
1
Time for model 1379 is:0:00:12.225950
1
Time for model 1380 is:0:00:10.998020
1
Time for model 1381 is:0:00:11.158628
1
Time for model 1382 is:0:00:10.756764
1
Time for model 1383 is:0:00:10.968492
1
Time for model 1384 is:0:00:10.044866
1
Time for model 1385 is:0:00:10.701593
1
Time for model 1375 is:0:00:09.620985
1
Time for model 1376 is:0:00:09.738693
1
Time for model 1377 is:0:00:09.690842
1
Time for model 1378 is:0:00:12.741990
1
Time for model 1379 is:0:00:06.683580
1
Time for model 1380 is:0:00:04.483619
1
Time for model 1381 is:0:00:05.486839
1
Time for model 1382 is:0:00:06.427555
1
Time for model 1383 is:0:00:06.805496
1
Time for model 1384 is:0:00:05.988947
1
Time for model 1385 is:0:00:06.375984
Total time for completion: 0:07:44.653995
alpha:   10.0
date:  2019-11-15
start model 1375
stop model 1386
split both
