1
Time for model 1419 is:0:00:06.929612
1
Time for model 1420 is:0:00:07.247614
1
Time for model 1421 is:0:00:07.315232
1
Time for model 1422 is:0:00:07.225898
1
Time for model 1423 is:0:00:06.776313
1
Time for model 1424 is:0:00:06.819133
1
Time for model 1425 is:0:00:06.761922
1
Time for model 1426 is:0:00:07.391291
1
Time for model 1427 is:0:00:07.579208
1
Time for model 1428 is:0:00:07.405681
1
Time for model 1429 is:0:00:06.498277
1
Time for model 1419 is:0:00:06.778264
1
Time for model 1420 is:0:00:06.660297
1
Time for model 1421 is:0:00:07.312579
1
Time for model 1422 is:0:00:07.771353
1
Time for model 1423 is:0:00:07.063224
1
Time for model 1424 is:0:00:06.848259
1
Time for model 1425 is:0:00:07.518294
1
Time for model 1426 is:0:00:07.347883
1
Time for model 1427 is:0:00:06.177504
1
Time for model 1428 is:0:00:06.851842
1
Time for model 1429 is:0:00:07.202507
Total time for completion: 0:06:53.378006
alpha:   10.0
date:  2019-11-15
start model 1419
stop model 1430
split both
