1
Time for model 759 is:0:00:06.765181
1
Time for model 760 is:0:00:06.327221
1
Time for model 761 is:0:00:06.526477
1
Time for model 762 is:0:00:06.303610
1
Time for model 763 is:0:00:06.314298
1
Time for model 764 is:0:00:06.329328
1
Time for model 765 is:0:00:06.298203
1
Time for model 766 is:0:00:06.311599
1
Time for model 767 is:0:00:05.838074
1
Time for model 768 is:0:00:05.821703
1
Time for model 769 is:0:00:05.850346
1
Time for model 759 is:0:00:06.013825
1
Time for model 760 is:0:00:05.922170
1
Time for model 761 is:0:00:05.802001
1
Time for model 762 is:0:00:05.979975
1
Time for model 763 is:0:00:07.121980
1
Time for model 764 is:0:00:07.131768
1
Time for model 765 is:0:00:06.996398
1
Time for model 766 is:0:00:05.916063
1
Time for model 767 is:0:00:06.694699
1
Time for model 768 is:0:00:07.273116
1
Time for model 769 is:0:00:06.972454
Total time for completion: 0:05:31.011841
alpha:   10.0
date:  2019-11-15
start model 759
stop model 770
split both
