1
Time for model 1133 is:0:00:03.861879
1
Time for model 1134 is:0:00:03.987836
1
Time for model 1135 is:0:00:03.920138
1
Time for model 1136 is:0:00:04.118155
1
Time for model 1137 is:0:00:04.194061
1
Time for model 1138 is:0:00:04.218885
1
Time for model 1139 is:0:00:04.293164
1
Time for model 1140 is:0:00:04.741667
1
Time for model 1141 is:0:00:04.554806
1
Time for model 1142 is:0:00:04.521202
1
Time for model 1143 is:0:00:04.429385
1
Time for model 1133 is:0:00:04.088766
1
Time for model 1134 is:0:00:04.137836
1
Time for model 1135 is:0:00:03.868130
1
Time for model 1136 is:0:00:04.129082
1
Time for model 1137 is:0:00:04.270118
1
Time for model 1138 is:0:00:04.333623
1
Time for model 1139 is:0:00:04.300723
1
Time for model 1140 is:0:00:04.480113
1
Time for model 1141 is:0:00:04.198030
1
Time for model 1142 is:0:00:04.139366
1
Time for model 1143 is:0:00:03.415080
Total time for completion: 0:03:38.583418
alpha:   10.0
date:  2019-11-15
start model 1133
stop model 1144
split both
