1
Time for model 385 is:0:00:04.349355
1
Time for model 386 is:0:00:04.347588
1
Time for model 387 is:0:00:04.367547
1
Time for model 388 is:0:00:04.456764
1
Time for model 389 is:0:00:04.599326
1
Time for model 390 is:0:00:04.803668
1
Time for model 391 is:0:00:04.796079
1
Time for model 392 is:0:00:04.801632
1
Time for model 393 is:0:00:04.759218
1
Time for model 394 is:0:00:04.868022
1
Time for model 395 is:0:00:04.809859
1
Time for model 385 is:0:00:04.508017
1
Time for model 386 is:0:00:04.374372
1
Time for model 387 is:0:00:04.379781
1
Time for model 388 is:0:00:04.376169
1
Time for model 389 is:0:00:04.379330
1
Time for model 390 is:0:00:04.439276
1
Time for model 391 is:0:00:04.373767
1
Time for model 392 is:0:00:04.380363
1
Time for model 393 is:0:00:04.850002
1
Time for model 394 is:0:00:05.212478
1
Time for model 395 is:0:00:05.164406
Total time for completion: 0:03:55.274771
alpha:   10.0
date:  2019-11-15
start model 385
stop model 396
split both
