1
Time for model 1342 is:0:00:06.759359
1
Time for model 1343 is:0:00:07.091602
1
Time for model 1344 is:0:00:06.930254
1
Time for model 1345 is:0:00:06.605186
1
Time for model 1346 is:0:00:06.871685
1
Time for model 1347 is:0:00:06.757420
1
Time for model 1348 is:0:00:06.420738
1
Time for model 1349 is:0:00:07.496935
1
Time for model 1350 is:0:00:06.744470
1
Time for model 1351 is:0:00:07.002835
1
Time for model 1352 is:0:00:06.517535
1
Time for model 1342 is:0:00:07.468982
1
Time for model 1343 is:0:00:06.935686
1
Time for model 1344 is:0:00:06.442523
1
Time for model 1345 is:0:00:06.725468
1
Time for model 1346 is:0:00:07.576689
1
Time for model 1347 is:0:00:06.286232
1
Time for model 1348 is:0:00:06.979465
1
Time for model 1349 is:0:00:07.773405
1
Time for model 1350 is:0:00:06.599256
1
Time for model 1351 is:0:00:07.719311
1
Time for model 1352 is:0:00:06.779229
Total time for completion: 0:06:55.228857
alpha:   10.0
date:  2019-11-15
start model 1342
stop model 1353
split both
