1
Time for model 1474 is:0:00:08.511879
1
Time for model 1475 is:0:00:10.861596
1
Time for model 1476 is:0:00:09.010045
1
Time for model 1477 is:0:00:08.954676
1
Time for model 1478 is:0:00:08.974029
1
Time for model 1479 is:0:00:08.894758
1
Time for model 1480 is:0:00:09.526265
1
Time for model 1481 is:0:00:08.362524
1
Time for model 1482 is:0:00:10.713546
1
Time for model 1483 is:0:00:07.826589
1
Time for model 1484 is:0:00:10.230606
1
Time for model 1474 is:0:00:08.319193
1
Time for model 1475 is:0:00:09.541358
1
Time for model 1476 is:0:00:08.710272
1
Time for model 1477 is:0:00:08.378748
1
Time for model 1478 is:0:00:09.807783
1
Time for model 1479 is:0:00:08.431903
1
Time for model 1480 is:0:00:09.697072
1
Time for model 1481 is:0:00:08.669551
1
Time for model 1482 is:0:00:09.751001
1
Time for model 1483 is:0:00:07.964134
1
Time for model 1484 is:0:00:09.495600
Total time for completion: 0:07:58.532150
alpha:   10.0
date:  2019-11-15
start model 1474
stop model 1485
split both
