1
Time for model 0 is:0:00:04.527086
1
Time for model 1 is:0:00:04.505396
1
Time for model 2 is:0:00:04.480418
1
Time for model 3 is:0:00:04.475827
1
Time for model 4 is:0:00:04.498036
1
Time for model 5 is:0:00:04.383141
1
Time for model 6 is:0:00:04.365993
1
Time for model 7 is:0:00:04.362155
1
Time for model 8 is:0:00:04.367956
1
Time for model 9 is:0:00:04.353198
1
Time for model 10 is:0:00:04.370939
1
Time for model 0 is:0:00:04.351834
1
Time for model 1 is:0:00:04.344656
1
Time for model 2 is:0:00:04.368527
1
Time for model 3 is:0:00:04.353057
1
Time for model 4 is:0:00:04.391762
1
Time for model 5 is:0:00:04.368316
1
Time for model 6 is:0:00:04.379186
1
Time for model 7 is:0:00:04.351674
1
Time for model 8 is:0:00:04.367017
1
Time for model 9 is:0:00:04.347530
1
Time for model 10 is:0:00:04.382081
Total time for completion: 0:03:47.733172
alpha:   10.0
date:  2019-11-15
start model 0
stop model 11
split both
