1
Time for model 693 is:0:00:09.460206
1
Time for model 694 is:0:00:07.889121
1
Time for model 695 is:0:00:07.753169
1
Time for model 696 is:0:00:08.167756
1
Time for model 697 is:0:00:08.159113
1
Time for model 698 is:0:00:07.640124
1
Time for model 699 is:0:00:06.992440
1
Time for model 700 is:0:00:06.877110
1
Time for model 701 is:0:00:07.347977
1
Time for model 702 is:0:00:07.148810
1
Time for model 703 is:0:00:07.045269
1
Time for model 693 is:0:00:09.039842
1
Time for model 694 is:0:00:09.151621
1
Time for model 695 is:0:00:08.964445
1
Time for model 696 is:0:00:07.191918
1
Time for model 697 is:0:00:08.833324
1
Time for model 698 is:0:00:09.086370
1
Time for model 699 is:0:00:09.399628
1
Time for model 700 is:0:00:07.141938
1
Time for model 701 is:0:00:09.288459
1
Time for model 702 is:0:00:08.686989
1
Time for model 703 is:0:00:08.144108
Total time for completion: 0:06:59.828507
alpha:   10.0
date:  2019-11-15
start model 693
stop model 704
split both
