1
Time for model 264 is:0:00:04.435188
1
Time for model 265 is:0:00:04.422205
1
Time for model 266 is:0:00:04.415200
1
Time for model 267 is:0:00:04.412723
1
Time for model 268 is:0:00:04.439564
1
Time for model 269 is:0:00:04.424198
1
Time for model 270 is:0:00:04.403382
1
Time for model 271 is:0:00:04.402062
1
Time for model 272 is:0:00:04.388852
1
Time for model 273 is:0:00:04.380564
1
Time for model 274 is:0:00:04.387562
1
Time for model 264 is:0:00:04.398868
1
Time for model 265 is:0:00:04.381626
1
Time for model 266 is:0:00:04.404244
1
Time for model 267 is:0:00:04.373590
1
Time for model 268 is:0:00:04.371765
1
Time for model 269 is:0:00:04.383253
1
Time for model 270 is:0:00:04.386157
1
Time for model 271 is:0:00:04.395488
1
Time for model 272 is:0:00:04.392685
1
Time for model 273 is:0:00:04.370822
1
Time for model 274 is:0:00:04.393695
Total time for completion: 0:03:43.916006
alpha:   10.0
date:  2019-11-15
start model 264
stop model 275
split both
