1
Time for model 1122 is:0:00:03.533212
1
Time for model 1123 is:0:00:03.377621
1
Time for model 1124 is:0:00:04.125525
1
Time for model 1125 is:0:00:04.510668
1
Time for model 1126 is:0:00:04.767323
1
Time for model 1127 is:0:00:04.291876
1
Time for model 1128 is:0:00:04.352676
1
Time for model 1129 is:0:00:04.224717
1
Time for model 1130 is:0:00:04.042490
1
Time for model 1131 is:0:00:03.829913
1
Time for model 1132 is:0:00:03.845664
1
Time for model 1122 is:0:00:04.130767
1
Time for model 1123 is:0:00:04.127483
1
Time for model 1124 is:0:00:04.329392
1
Time for model 1125 is:0:00:04.668691
1
Time for model 1126 is:0:00:04.925601
1
Time for model 1127 is:0:00:04.457944
1
Time for model 1128 is:0:00:04.744850
1
Time for model 1129 is:0:00:04.619130
1
Time for model 1130 is:0:00:04.134187
1
Time for model 1131 is:0:00:04.199123
1
Time for model 1132 is:0:00:04.366753
Total time for completion: 0:05:26.999461
alpha:   10.0
date:  2019-11-15
start model 1122
stop model 1133
split both
