1
Time for model 1628 is:0:00:10.297450
1
Time for model 1629 is:0:00:07.805137
1
Time for model 1630 is:0:00:08.420785
1
Time for model 1631 is:0:00:08.855231
1
Time for model 1632 is:0:00:07.785140
1
Time for model 1633 is:0:00:08.871697
1
Time for model 1634 is:0:00:06.951388
1
Time for model 1635 is:0:00:07.267127
1
Time for model 1636 is:0:00:06.014048
1
Time for model 1637 is:0:00:05.400728
1
Time for model 1638 is:0:00:06.146068
1
Time for model 1628 is:0:00:06.087045
1
Time for model 1629 is:0:00:06.793745
1
Time for model 1630 is:0:00:07.207997
1
Time for model 1631 is:0:00:08.302259
1
Time for model 1632 is:0:00:07.050516
1
Time for model 1633 is:0:00:06.743880
1
Time for model 1634 is:0:00:06.180688
1
Time for model 1635 is:0:00:06.294967
1
Time for model 1636 is:0:00:06.478674
1
Time for model 1637 is:0:00:06.520091
1
Time for model 1638 is:0:00:06.921472
Total time for completion: 0:07:01.342545
alpha:   10.0
date:  2019-11-15
start model 1628
stop model 1639
split both
