1
Time for model 484 is:0:00:04.265777
1
Time for model 485 is:0:00:04.239628
1
Time for model 486 is:0:00:04.268588
1
Time for model 487 is:0:00:04.247869
1
Time for model 488 is:0:00:04.299529
1
Time for model 489 is:0:00:04.284721
1
Time for model 490 is:0:00:04.247081
1
Time for model 491 is:0:00:04.261343
1
Time for model 492 is:0:00:04.287819
1
Time for model 493 is:0:00:04.263050
1
Time for model 494 is:0:00:04.247166
1
Time for model 484 is:0:00:04.262305
1
Time for model 485 is:0:00:04.245264
1
Time for model 486 is:0:00:04.283308
1
Time for model 487 is:0:00:04.246400
1
Time for model 488 is:0:00:04.224901
1
Time for model 489 is:0:00:04.224211
1
Time for model 490 is:0:00:04.230885
1
Time for model 491 is:0:00:04.198727
1
Time for model 492 is:0:00:04.213550
1
Time for model 493 is:0:00:04.217442
1
Time for model 494 is:0:00:04.240970
Total time for completion: 0:03:42.999444
alpha:   10.0
date:  2019-11-15
start model 484
stop model 495
split both
