1
Time for model 44 is:0:00:04.446011
1
Time for model 45 is:0:00:04.451712
1
Time for model 46 is:0:00:04.459013
1
Time for model 47 is:0:00:04.492941
1
Time for model 48 is:0:00:04.434968
1
Time for model 49 is:0:00:04.437245
1
Time for model 50 is:0:00:04.582768
1
Time for model 51 is:0:00:04.763527
1
Time for model 52 is:0:00:04.722850
1
Time for model 53 is:0:00:04.823569
1
Time for model 54 is:0:00:04.718792
1
Time for model 44 is:0:00:04.729515
1
Time for model 45 is:0:00:04.753263
1
Time for model 46 is:0:00:04.390683
1
Time for model 47 is:0:00:04.408354
1
Time for model 48 is:0:00:04.392244
1
Time for model 49 is:0:00:04.456107
1
Time for model 50 is:0:00:04.468744
1
Time for model 51 is:0:00:04.511502
1
Time for model 52 is:0:00:04.527872
1
Time for model 53 is:0:00:04.323594
1
Time for model 54 is:0:00:04.323655
Total time for completion: 0:03:47.223219
alpha:   10.0
date:  2019-11-15
start model 44
stop model 55
split both
