1
Time for model 473 is:0:00:05.226481
1
Time for model 474 is:0:00:05.568501
1
Time for model 475 is:0:00:04.849407
1
Time for model 476 is:0:00:04.837208
1
Time for model 477 is:0:00:05.014014
1
Time for model 478 is:0:00:04.899643
1
Time for model 479 is:0:00:04.923712
1
Time for model 480 is:0:00:04.864970
1
Time for model 481 is:0:00:04.880739
1
Time for model 482 is:0:00:04.548301
1
Time for model 483 is:0:00:04.607078
1
Time for model 473 is:0:00:04.467391
1
Time for model 474 is:0:00:04.669166
1
Time for model 475 is:0:00:04.468261
1
Time for model 476 is:0:00:04.454602
1
Time for model 477 is:0:00:04.489039
1
Time for model 478 is:0:00:05.312935
1
Time for model 479 is:0:00:05.368070
1
Time for model 480 is:0:00:05.237685
1
Time for model 481 is:0:00:05.212760
1
Time for model 482 is:0:00:04.877127
1
Time for model 483 is:0:00:04.319478
Total time for completion: 0:04:20.917353
alpha:   10.0
date:  2019-11-15
start model 473
stop model 484
split both
