1
Time for model 660 is:0:00:11.434806
1
Time for model 661 is:0:00:09.295920
1
Time for model 662 is:0:00:07.875575
1
Time for model 663 is:0:00:07.933888
1
Time for model 664 is:0:00:07.795838
1
Time for model 665 is:0:00:07.223235
1
Time for model 666 is:0:00:07.023345
1
Time for model 667 is:0:00:07.258927
1
Time for model 668 is:0:00:06.828908
1
Time for model 669 is:0:00:07.419476
1
Time for model 670 is:0:00:08.950360
1
Time for model 660 is:0:00:09.443459
1
Time for model 661 is:0:00:08.390233
1
Time for model 662 is:0:00:07.432898
1
Time for model 663 is:0:00:08.966519
1
Time for model 664 is:0:00:09.037767
1
Time for model 665 is:0:00:08.864083
1
Time for model 666 is:0:00:06.888841
1
Time for model 667 is:0:00:09.197392
1
Time for model 668 is:0:00:09.457001
1
Time for model 669 is:0:00:08.815221
1
Time for model 670 is:0:00:06.933467
Total time for completion: 0:06:42.227821
alpha:   10.0
date:  2019-11-15
start model 660
stop model 671
split both
