1
Time for model 858 is:0:00:11.264732
1
Time for model 859 is:0:00:09.523928
1
Time for model 860 is:0:00:08.674421
1
Time for model 861 is:0:00:07.566865
1
Time for model 862 is:0:00:07.314410
1
Time for model 863 is:0:00:08.623505
1
Time for model 864 is:0:00:11.938438
1
Time for model 865 is:0:00:08.856067
1
Time for model 866 is:0:00:09.557990
1
Time for model 867 is:0:00:07.759190
1
Time for model 868 is:0:00:09.442798
1
Time for model 858 is:0:00:09.758871
1
Time for model 859 is:0:00:10.254448
1
Time for model 860 is:0:00:08.384050
1
Time for model 861 is:0:00:08.810520
1
Time for model 862 is:0:00:09.875353
1
Time for model 863 is:0:00:10.087601
1
Time for model 864 is:0:00:08.640407
1
Time for model 865 is:0:00:08.812999
1
Time for model 866 is:0:00:10.184307
1
Time for model 867 is:0:00:10.217549
1
Time for model 868 is:0:00:08.967480
Total time for completion: 0:08:29.613679
alpha:   10.0
date:  2019-11-15
start model 858
stop model 869
split both
