1
Time for model 396 is:0:00:05.124406
1
Time for model 397 is:0:00:06.812860
1
Time for model 398 is:0:00:06.808544
1
Time for model 399 is:0:00:05.439591
1
Time for model 400 is:0:00:05.325948
1
Time for model 401 is:0:00:05.362703
1
Time for model 402 is:0:00:05.353423
1
Time for model 403 is:0:00:05.436302
1
Time for model 404 is:0:00:05.367033
1
Time for model 405 is:0:00:04.983328
1
Time for model 406 is:0:00:04.824178
1
Time for model 396 is:0:00:04.819704
1
Time for model 397 is:0:00:05.060946
1
Time for model 398 is:0:00:04.867739
1
Time for model 399 is:0:00:05.787469
1
Time for model 400 is:0:00:05.864263
1
Time for model 401 is:0:00:05.785378
1
Time for model 402 is:0:00:05.797065
1
Time for model 403 is:0:00:05.270322
1
Time for model 404 is:0:00:04.905320
1
Time for model 405 is:0:00:05.402641
1
Time for model 406 is:0:00:05.209760
Total time for completion: 0:04:32.134072
alpha:   10.0
date:  2019-11-15
start model 396
stop model 407
split both
