1
Time for model 418 is:0:00:04.880070
1
Time for model 419 is:0:00:04.881891
1
Time for model 420 is:0:00:05.068038
1
Time for model 421 is:0:00:05.084587
1
Time for model 422 is:0:00:05.085273
1
Time for model 423 is:0:00:05.251959
1
Time for model 424 is:0:00:05.151763
1
Time for model 425 is:0:00:05.149205
1
Time for model 426 is:0:00:05.104704
1
Time for model 427 is:0:00:05.045493
1
Time for model 428 is:0:00:04.867097
1
Time for model 418 is:0:00:04.775943
1
Time for model 419 is:0:00:04.650669
1
Time for model 420 is:0:00:04.801655
1
Time for model 421 is:0:00:04.729681
1
Time for model 422 is:0:00:04.829681
1
Time for model 423 is:0:00:05.522674
1
Time for model 424 is:0:00:05.635662
1
Time for model 425 is:0:00:05.552385
1
Time for model 426 is:0:00:05.306347
1
Time for model 427 is:0:00:04.855385
1
Time for model 428 is:0:00:04.843047
Total time for completion: 0:04:17.971454
alpha:   10.0
date:  2019-11-15
start model 418
stop model 429
split both
