1
Time for model 275 is:0:00:05.667485
1
Time for model 276 is:0:00:05.658393
1
Time for model 277 is:0:00:05.820521
1
Time for model 278 is:0:00:05.858095
1
Time for model 279 is:0:00:05.765167
1
Time for model 280 is:0:00:05.927918
1
Time for model 281 is:0:00:05.982282
1
Time for model 282 is:0:00:05.620382
1
Time for model 283 is:0:00:05.225432
1
Time for model 284 is:0:00:05.310191
1
Time for model 285 is:0:00:05.311755
1
Time for model 275 is:0:00:05.325558
1
Time for model 276 is:0:00:05.213420
1
Time for model 277 is:0:00:05.303824
1
Time for model 278 is:0:00:05.236691
1
Time for model 279 is:0:00:05.282492
1
Time for model 280 is:0:00:06.381671
1
Time for model 281 is:0:00:06.285856
1
Time for model 282 is:0:00:06.401795
1
Time for model 283 is:0:00:05.494304
1
Time for model 284 is:0:00:05.256737
1
Time for model 285 is:0:00:06.164595
Total time for completion: 0:04:28.756645
alpha:   10.0
date:  2019-11-15
start model 275
stop model 286
split both
