1
Time for model 1606 is:0:00:04.806603
1
Time for model 1607 is:0:00:04.576642
1
Time for model 1608 is:0:00:04.537957
1
Time for model 1609 is:0:00:04.720731
1
Time for model 1610 is:0:00:04.498177
1
Time for model 1611 is:0:00:04.801561
1
Time for model 1612 is:0:00:04.444597
1
Time for model 1613 is:0:00:03.254546
1
Time for model 1614 is:0:00:03.244887
1
Time for model 1615 is:0:00:03.251082
1
Time for model 1616 is:0:00:03.415679
1
Time for model 1606 is:0:00:03.486550
1
Time for model 1607 is:0:00:03.244090
1
Time for model 1608 is:0:00:03.250535
1
Time for model 1609 is:0:00:03.251654
1
Time for model 1610 is:0:00:03.370750
1
Time for model 1611 is:0:00:03.264535
1
Time for model 1612 is:0:00:03.257523
1
Time for model 1613 is:0:00:03.562806
1
Time for model 1614 is:0:00:03.778230
1
Time for model 1615 is:0:00:03.687904
1
Time for model 1616 is:0:00:03.521536
Total time for completion: 0:04:50.445475
alpha:   10.0
date:  2019-11-15
start model 1606
stop model 1617
split both
