1
Time for model 1034 is:0:00:06.862964
1
Time for model 1035 is:0:00:06.046943
1
Time for model 1036 is:0:00:05.716740
1
Time for model 1037 is:0:00:05.248058
1
Time for model 1038 is:0:00:05.605617
1
Time for model 1039 is:0:00:05.613029
1
Time for model 1040 is:0:00:05.446321
1
Time for model 1041 is:0:00:05.612413
1
Time for model 1042 is:0:00:05.344939
1
Time for model 1043 is:0:00:05.262269
1
Time for model 1044 is:0:00:05.313203
1
Time for model 1034 is:0:00:05.463906
1
Time for model 1035 is:0:00:05.317303
1
Time for model 1036 is:0:00:05.555826
1
Time for model 1037 is:0:00:07.349945
1
Time for model 1038 is:0:00:05.796593
1
Time for model 1039 is:0:00:06.015881
1
Time for model 1040 is:0:00:05.803716
1
Time for model 1041 is:0:00:05.531384
1
Time for model 1042 is:0:00:05.846599
1
Time for model 1043 is:0:00:06.224206
1
Time for model 1044 is:0:00:06.123389
Total time for completion: 0:04:45.940613
alpha:   10.0
date:  2019-11-15
start model 1034
stop model 1045
split both
