1
Time for model 1199 is:0:00:14.517933
1
Time for model 1200 is:0:00:14.761457
1
Time for model 1201 is:0:00:14.081001
1
Time for model 1202 is:0:00:14.148891
1
Time for model 1203 is:0:00:14.149219
1
Time for model 1204 is:0:00:15.033889
1
Time for model 1205 is:0:00:15.228070
1
Time for model 1206 is:0:00:13.065842
1
Time for model 1207 is:0:00:13.720000
1
Time for model 1208 is:0:00:16.352881
1
Time for model 1209 is:0:00:14.658110
1
Time for model 1199 is:0:00:15.283521
1
Time for model 1200 is:0:00:14.320987
1
Time for model 1201 is:0:00:12.596192
1
Time for model 1202 is:0:00:09.082047
1
Time for model 1203 is:0:00:08.803774
1
Time for model 1204 is:0:00:08.043187
1
Time for model 1205 is:0:00:09.442720
1
Time for model 1206 is:0:00:08.557731
1
Time for model 1207 is:0:00:08.119454
1
Time for model 1208 is:0:00:09.312337
1
Time for model 1209 is:0:00:05.612692
Total time for completion: 0:09:32.195874
alpha:   10.0
date:  2019-11-15
start model 1199
stop model 1210
split both
