1
Time for model 1243 is:0:00:03.080340
1
Time for model 1244 is:0:00:04.171434
1
Time for model 1245 is:0:00:04.335037
1
Time for model 1246 is:0:00:04.648745
1
Time for model 1247 is:0:00:04.192421
1
Time for model 1248 is:0:00:04.606032
1
Time for model 1249 is:0:00:04.699198
1
Time for model 1250 is:0:00:03.247164
1
Time for model 1251 is:0:00:03.004728
1
Time for model 1252 is:0:00:03.375808
1
Time for model 1253 is:0:00:03.023628
1
Time for model 1243 is:0:00:03.985495
1
Time for model 1244 is:0:00:03.299802
1
Time for model 1245 is:0:00:04.500164
1
Time for model 1246 is:0:00:04.085478
1
Time for model 1247 is:0:00:04.377676
1
Time for model 1248 is:0:00:04.495502
1
Time for model 1249 is:0:00:04.340563
1
Time for model 1250 is:0:00:04.668896
1
Time for model 1251 is:0:00:04.647818
1
Time for model 1252 is:0:00:04.515231
1
Time for model 1253 is:0:00:04.394682
Total time for completion: 0:05:02.253009
alpha:   10.0
date:  2019-11-15
start model 1243
stop model 1254
split both
