1
Time for model 1507 is:0:00:03.561499
1
Time for model 1508 is:0:00:03.731609
1
Time for model 1509 is:0:00:03.832571
1
Time for model 1510 is:0:00:03.757540
1
Time for model 1511 is:0:00:03.716071
1
Time for model 1512 is:0:00:03.499207
1
Time for model 1513 is:0:00:03.118963
1
Time for model 1514 is:0:00:03.357601
1
Time for model 1515 is:0:00:03.526565
1
Time for model 1516 is:0:00:03.569597
1
Time for model 1517 is:0:00:03.600356
1
Time for model 1507 is:0:00:03.479055
1
Time for model 1508 is:0:00:03.458889
1
Time for model 1509 is:0:00:03.532428
1
Time for model 1510 is:0:00:03.620507
1
Time for model 1511 is:0:00:03.680856
1
Time for model 1512 is:0:00:03.939721
1
Time for model 1513 is:0:00:04.356272
1
Time for model 1514 is:0:00:04.344339
1
Time for model 1515 is:0:00:03.605927
1
Time for model 1516 is:0:00:03.571147
1
Time for model 1517 is:0:00:03.485802
Total time for completion: 0:03:30.706041
alpha:   10.0
date:  2019-11-15
start model 1507
stop model 1518
split both
