1
Time for model 671 is:0:00:07.910718
1
Time for model 672 is:0:00:07.726401
1
Time for model 673 is:0:00:07.754303
1
Time for model 674 is:0:00:07.558200
1
Time for model 675 is:0:00:07.630608
1
Time for model 676 is:0:00:08.024610
1
Time for model 677 is:0:00:06.899453
1
Time for model 678 is:0:00:06.703397
1
Time for model 679 is:0:00:07.271863
1
Time for model 680 is:0:00:06.699367
1
Time for model 681 is:0:00:06.933696
1
Time for model 671 is:0:00:08.775042
1
Time for model 672 is:0:00:09.343198
1
Time for model 673 is:0:00:08.589723
1
Time for model 674 is:0:00:06.899094
1
Time for model 675 is:0:00:08.958549
1
Time for model 676 is:0:00:08.877155
1
Time for model 677 is:0:00:08.404388
1
Time for model 678 is:0:00:07.181139
1
Time for model 679 is:0:00:08.847208
1
Time for model 680 is:0:00:09.209390
1
Time for model 681 is:0:00:08.729731
Total time for completion: 0:06:48.407962
alpha:   10.0
date:  2019-11-15
start model 671
stop model 682
split both
