1
Time for model 1309 is:0:00:07.521226
1
Time for model 1310 is:0:00:10.166054
1
Time for model 1311 is:0:00:09.610692
1
Time for model 1312 is:0:00:10.754174
1
Time for model 1313 is:0:00:10.278743
1
Time for model 1314 is:0:00:09.856634
1
Time for model 1315 is:0:00:10.577227
1
Time for model 1316 is:0:00:10.355860
1
Time for model 1317 is:0:00:08.923140
1
Time for model 1318 is:0:00:10.130630
1
Time for model 1319 is:0:00:10.706390
1
Time for model 1309 is:0:00:10.606649
1
Time for model 1310 is:0:00:09.934552
1
Time for model 1311 is:0:00:12.005432
1
Time for model 1312 is:0:00:06.601797
1
Time for model 1313 is:0:00:08.077109
1
Time for model 1314 is:0:00:06.694766
1
Time for model 1315 is:0:00:07.144754
1
Time for model 1316 is:0:00:07.739162
1
Time for model 1317 is:0:00:06.779771
1
Time for model 1318 is:0:00:07.964126
1
Time for model 1319 is:0:00:06.817648
Total time for completion: 0:07:58.551434
alpha:   10.0
date:  2019-11-15
start model 1309
stop model 1320
split both
