1
Time for model 605 is:0:00:08.050723
1
Time for model 606 is:0:00:07.619600
1
Time for model 607 is:0:00:07.059840
1
Time for model 608 is:0:00:06.739822
1
Time for model 609 is:0:00:07.392946
1
Time for model 610 is:0:00:06.918739
1
Time for model 611 is:0:00:07.142973
1
Time for model 612 is:0:00:06.909051
1
Time for model 613 is:0:00:08.321755
1
Time for model 614 is:0:00:09.213745
1
Time for model 615 is:0:00:09.272502
1
Time for model 605 is:0:00:07.026993
1
Time for model 606 is:0:00:08.577196
1
Time for model 607 is:0:00:09.673910
1
Time for model 608 is:0:00:09.269530
1
Time for model 609 is:0:00:07.788042
1
Time for model 610 is:0:00:08.105447
1
Time for model 611 is:0:00:08.370728
1
Time for model 612 is:0:00:07.739922
1
Time for model 613 is:0:00:06.829545
1
Time for model 614 is:0:00:06.767140
1
Time for model 615 is:0:00:08.135293
Total time for completion: 0:07:32.652605
alpha:   10.0
date:  2019-11-15
start model 605
stop model 616
split both
