1
Time for model 539 is:0:00:09.404240
1
Time for model 540 is:0:00:07.645806
1
Time for model 541 is:0:00:07.568369
1
Time for model 542 is:0:00:07.836199
1
Time for model 543 is:0:00:07.953121
1
Time for model 544 is:0:00:07.320586
1
Time for model 545 is:0:00:06.816120
1
Time for model 546 is:0:00:06.803915
1
Time for model 547 is:0:00:07.248781
1
Time for model 548 is:0:00:06.695442
1
Time for model 549 is:0:00:06.745288
1
Time for model 539 is:0:00:08.817783
1
Time for model 540 is:0:00:09.302464
1
Time for model 541 is:0:00:08.344438
1
Time for model 542 is:0:00:06.745240
1
Time for model 543 is:0:00:09.224873
1
Time for model 544 is:0:00:08.913016
1
Time for model 545 is:0:00:08.463642
1
Time for model 546 is:0:00:06.877982
1
Time for model 547 is:0:00:09.372905
1
Time for model 548 is:0:00:09.114172
1
Time for model 549 is:0:00:08.458268
Total time for completion: 0:06:43.368068
alpha:   10.0
date:  2019-11-15
start model 539
stop model 550
split both
