1
Time for model 1694 is:0:00:09.558856
1
Time for model 1695 is:0:00:11.797632
1
Time for model 1696 is:0:00:10.672285
1
Time for model 1697 is:0:00:09.868413
1
Time for model 1698 is:0:00:11.289328
1
Time for model 1699 is:0:00:11.633195
1
Time for model 1700 is:0:00:11.285527
1
Time for model 1701 is:0:00:11.463244
1
Time for model 1702 is:0:00:10.878760
1
Time for model 1703 is:0:00:11.146055
1
Time for model 1704 is:0:00:10.996109
1
Time for model 1694 is:0:00:10.796932
1
Time for model 1695 is:0:00:10.058529
1
Time for model 1696 is:0:00:11.236726
1
Time for model 1697 is:0:00:07.239247
1
Time for model 1698 is:0:00:07.550877
1
Time for model 1699 is:0:00:06.027311
1
Time for model 1700 is:0:00:06.760524
1
Time for model 1701 is:0:00:07.106039
1
Time for model 1702 is:0:00:07.143985
1
Time for model 1703 is:0:00:06.356789
1
Time for model 1704 is:0:00:07.915254
Total time for completion: 0:07:56.226289
alpha:   10.0
date:  2019-11-15
start model 1694
stop model 1705
split both
