1
Time for model 979 is:0:00:05.342324
1
Time for model 980 is:0:00:05.513283
1
Time for model 981 is:0:00:06.405505
1
Time for model 982 is:0:00:06.877786
1
Time for model 983 is:0:00:06.841315
1
Time for model 984 is:0:00:05.949427
1
Time for model 985 is:0:00:06.038534
1
Time for model 986 is:0:00:05.729835
1
Time for model 987 is:0:00:05.511135
1
Time for model 988 is:0:00:05.605849
1
Time for model 989 is:0:00:05.534936
1
Time for model 979 is:0:00:05.547720
1
Time for model 980 is:0:00:05.553671
1
Time for model 981 is:0:00:05.557663
1
Time for model 982 is:0:00:07.691544
1
Time for model 983 is:0:00:06.589675
1
Time for model 984 is:0:00:05.842604
1
Time for model 985 is:0:00:05.471326
1
Time for model 986 is:0:00:05.602897
1
Time for model 987 is:0:00:06.415825
1
Time for model 988 is:0:00:06.119012
1
Time for model 989 is:0:00:05.205226
Total time for completion: 0:04:34.923634
alpha:   10.0
date:  2019-11-15
start model 979
stop model 990
split both
