1
Time for model 550 is:0:00:11.098011
1
Time for model 551 is:0:00:09.080263
1
Time for model 552 is:0:00:07.856115
1
Time for model 553 is:0:00:08.165085
1
Time for model 554 is:0:00:07.750928
1
Time for model 555 is:0:00:07.211868
1
Time for model 556 is:0:00:06.839939
1
Time for model 557 is:0:00:06.921933
1
Time for model 558 is:0:00:07.101575
1
Time for model 559 is:0:00:06.634706
1
Time for model 560 is:0:00:07.642545
1
Time for model 550 is:0:00:09.324502
1
Time for model 551 is:0:00:08.967829
1
Time for model 552 is:0:00:07.857247
1
Time for model 553 is:0:00:07.190129
1
Time for model 554 is:0:00:08.797675
1
Time for model 555 is:0:00:09.144601
1
Time for model 556 is:0:00:08.646256
1
Time for model 557 is:0:00:06.747686
1
Time for model 558 is:0:00:09.364913
1
Time for model 559 is:0:00:09.142301
1
Time for model 560 is:0:00:08.607043
Total time for completion: 0:06:51.773746
alpha:   10.0
date:  2019-11-15
start model 550
stop model 561
split both
