1
Time for model 319 is:0:00:04.289922
1
Time for model 320 is:0:00:04.283235
1
Time for model 321 is:0:00:04.278103
1
Time for model 322 is:0:00:04.301822
1
Time for model 323 is:0:00:04.278140
1
Time for model 324 is:0:00:04.289881
1
Time for model 325 is:0:00:04.293501
1
Time for model 326 is:0:00:04.297360
1
Time for model 327 is:0:00:04.261641
1
Time for model 328 is:0:00:04.247955
1
Time for model 329 is:0:00:04.250563
1
Time for model 319 is:0:00:04.259156
1
Time for model 320 is:0:00:04.267444
1
Time for model 321 is:0:00:04.253990
1
Time for model 322 is:0:00:04.253340
1
Time for model 323 is:0:00:04.249457
1
Time for model 324 is:0:00:04.253954
1
Time for model 325 is:0:00:04.263582
1
Time for model 326 is:0:00:04.248594
1
Time for model 327 is:0:00:04.264356
1
Time for model 328 is:0:00:04.248889
1
Time for model 329 is:0:00:04.254570
Total time for completion: 0:03:35.358367
alpha:   10.0
date:  2019-11-15
start model 319
stop model 330
split both
