1
Time for model 99 is:0:00:04.220881
1
Time for model 100 is:0:00:04.220952
1
Time for model 101 is:0:00:04.225452
1
Time for model 102 is:0:00:04.221648
1
Time for model 103 is:0:00:04.220338
1
Time for model 104 is:0:00:04.214023
1
Time for model 105 is:0:00:04.234049
1
Time for model 106 is:0:00:04.215445
1
Time for model 107 is:0:00:04.217126
1
Time for model 108 is:0:00:04.238672
1
Time for model 109 is:0:00:04.261351
1
Time for model 99 is:0:00:04.238792
1
Time for model 100 is:0:00:04.226680
1
Time for model 101 is:0:00:04.220114
1
Time for model 102 is:0:00:04.227632
1
Time for model 103 is:0:00:04.233272
1
Time for model 104 is:0:00:04.243794
1
Time for model 105 is:0:00:04.249530
1
Time for model 106 is:0:00:04.219175
1
Time for model 107 is:0:00:04.170953
1
Time for model 108 is:0:00:04.173249
1
Time for model 109 is:0:00:04.175957
Total time for completion: 0:03:39.752243
alpha:   10.0
date:  2019-11-15
start model 99
stop model 110
split both
