1
Time for model 198 is:0:00:04.380224
1
Time for model 199 is:0:00:04.327012
1
Time for model 200 is:0:00:04.315048
1
Time for model 201 is:0:00:04.373763
1
Time for model 202 is:0:00:04.364368
1
Time for model 203 is:0:00:04.376700
1
Time for model 204 is:0:00:04.382235
1
Time for model 205 is:0:00:04.384057
1
Time for model 206 is:0:00:04.374295
1
Time for model 207 is:0:00:04.381452
1
Time for model 208 is:0:00:04.385299
1
Time for model 198 is:0:00:04.374878
1
Time for model 199 is:0:00:04.358503
1
Time for model 200 is:0:00:04.374129
1
Time for model 201 is:0:00:04.360489
1
Time for model 202 is:0:00:04.314257
1
Time for model 203 is:0:00:04.317900
1
Time for model 204 is:0:00:04.378454
1
Time for model 205 is:0:00:04.376990
1
Time for model 206 is:0:00:04.370361
1
Time for model 207 is:0:00:04.382056
1
Time for model 208 is:0:00:04.461821
Total time for completion: 0:03:45.122427
alpha:   10.0
date:  2019-11-15
start model 198
stop model 209
split both
