1
Time for model 1155 is:0:00:03.677568
1
Time for model 1156 is:0:00:05.707761
1
Time for model 1157 is:0:00:04.181930
1
Time for model 1158 is:0:00:04.342626
1
Time for model 1159 is:0:00:04.301839
1
Time for model 1160 is:0:00:04.230065
1
Time for model 1161 is:0:00:04.256356
1
Time for model 1162 is:0:00:04.310188
1
Time for model 1163 is:0:00:04.539548
1
Time for model 1164 is:0:00:04.254478
1
Time for model 1165 is:0:00:04.304782
1
Time for model 1155 is:0:00:03.909580
1
Time for model 1156 is:0:00:04.027214
1
Time for model 1157 is:0:00:04.329092
1
Time for model 1158 is:0:00:04.364386
1
Time for model 1159 is:0:00:04.400617
1
Time for model 1160 is:0:00:04.396794
1
Time for model 1161 is:0:00:04.371783
1
Time for model 1162 is:0:00:04.276561
1
Time for model 1163 is:0:00:04.287745
1
Time for model 1164 is:0:00:04.355046
1
Time for model 1165 is:0:00:04.392563
Total time for completion: 0:03:32.220607
alpha:   10.0
date:  2019-11-15
start model 1155
stop model 1166
split both
