1
Time for model 1452 is:0:00:14.884804
1
Time for model 1453 is:0:00:14.704426
1
Time for model 1454 is:0:00:15.019077
1
Time for model 1455 is:0:00:13.533620
1
Time for model 1456 is:0:00:13.129313
1
Time for model 1457 is:0:00:15.205315
1
Time for model 1458 is:0:00:15.484388
1
Time for model 1459 is:0:00:13.617491
1
Time for model 1460 is:0:00:12.406525
1
Time for model 1461 is:0:00:14.513440
1
Time for model 1462 is:0:00:15.649123
1
Time for model 1452 is:0:00:12.142921
1
Time for model 1453 is:0:00:14.529439
1
Time for model 1454 is:0:00:09.390210
1
Time for model 1455 is:0:00:08.263726
1
Time for model 1456 is:0:00:07.754885
1
Time for model 1457 is:0:00:09.525989
1
Time for model 1458 is:0:00:07.377256
1
Time for model 1459 is:0:00:09.343443
1
Time for model 1460 is:0:00:08.779715
1
Time for model 1461 is:0:00:07.732833
1
Time for model 1462 is:0:00:10.207399
Total time for completion: 0:09:20.159955
alpha:   10.0
date:  2019-11-15
start model 1452
stop model 1463
split both
