1
Time for model 1144 is:0:00:04.156133
1
Time for model 1145 is:0:00:04.420959
1
Time for model 1146 is:0:00:04.426810
1
Time for model 1147 is:0:00:04.309092
1
Time for model 1148 is:0:00:04.290652
1
Time for model 1149 is:0:00:04.216376
1
Time for model 1150 is:0:00:04.097919
1
Time for model 1151 is:0:00:04.527961
1
Time for model 1152 is:0:00:04.867363
1
Time for model 1153 is:0:00:04.633460
1
Time for model 1154 is:0:00:04.498550
1
Time for model 1144 is:0:00:04.550361
1
Time for model 1145 is:0:00:04.626197
1
Time for model 1146 is:0:00:04.562294
1
Time for model 1147 is:0:00:04.570745
1
Time for model 1148 is:0:00:04.513862
1
Time for model 1149 is:0:00:04.435784
1
Time for model 1150 is:0:00:04.324876
1
Time for model 1151 is:0:00:04.376510
1
Time for model 1152 is:0:00:03.681661
1
Time for model 1153 is:0:00:03.203700
1
Time for model 1154 is:0:00:03.265615
Total time for completion: 0:03:41.481416
alpha:   10.0
date:  2019-11-15
start model 1144
stop model 1155
split both
