1
Time for model 1551 is:0:00:07.469191
1
Time for model 1552 is:0:00:06.761728
1
Time for model 1553 is:0:00:06.338013
1
Time for model 1554 is:0:00:05.967586
1
Time for model 1555 is:0:00:05.661230
1
Time for model 1556 is:0:00:05.617866
1
Time for model 1557 is:0:00:07.236171
1
Time for model 1558 is:0:00:06.884029
1
Time for model 1559 is:0:00:06.395922
1
Time for model 1560 is:0:00:06.745749
1
Time for model 1561 is:0:00:06.545393
1
Time for model 1551 is:0:00:03.810209
1
Time for model 1552 is:0:00:04.601310
1
Time for model 1553 is:0:00:04.734081
1
Time for model 1554 is:0:00:04.886320
1
Time for model 1555 is:0:00:05.053751
1
Time for model 1556 is:0:00:05.551519
1
Time for model 1557 is:0:00:05.731555
1
Time for model 1558 is:0:00:05.613019
1
Time for model 1559 is:0:00:05.188113
1
Time for model 1560 is:0:00:05.745573
1
Time for model 1561 is:0:00:03.954737
Total time for completion: 0:06:30.224019
alpha:   10.0
date:  2019-11-15
start model 1551
stop model 1562
split both
