1
Time for model 363 is:0:00:04.420502
1
Time for model 364 is:0:00:04.414645
1
Time for model 365 is:0:00:04.507914
1
Time for model 366 is:0:00:04.504515
1
Time for model 367 is:0:00:04.885132
1
Time for model 368 is:0:00:04.851906
1
Time for model 369 is:0:00:04.878155
1
Time for model 370 is:0:00:04.821171
1
Time for model 371 is:0:00:04.919667
1
Time for model 372 is:0:00:04.854035
1
Time for model 373 is:0:00:04.870641
1
Time for model 363 is:0:00:04.581695
1
Time for model 364 is:0:00:04.420046
1
Time for model 365 is:0:00:04.442295
1
Time for model 366 is:0:00:04.431825
1
Time for model 367 is:0:00:04.511548
1
Time for model 368 is:0:00:04.434819
1
Time for model 369 is:0:00:04.613895
1
Time for model 370 is:0:00:05.328569
1
Time for model 371 is:0:00:05.305002
1
Time for model 372 is:0:00:05.243143
1
Time for model 373 is:0:00:04.756585
Total time for completion: 0:03:59.117487
alpha:   10.0
date:  2019-11-15
start model 363
stop model 374
split both
