1
Time for model 814 is:0:00:12.091951
1
Time for model 815 is:0:00:09.435296
1
Time for model 816 is:0:00:08.487284
1
Time for model 817 is:0:00:08.125614
1
Time for model 818 is:0:00:07.955017
1
Time for model 819 is:0:00:08.163289
1
Time for model 820 is:0:00:11.142304
1
Time for model 821 is:0:00:10.419528
1
Time for model 822 is:0:00:09.638982
1
Time for model 823 is:0:00:09.404458
1
Time for model 824 is:0:00:10.376510
1
Time for model 814 is:0:00:09.891374
1
Time for model 815 is:0:00:09.295781
1
Time for model 816 is:0:00:10.059390
1
Time for model 817 is:0:00:10.330022
1
Time for model 818 is:0:00:10.020305
1
Time for model 819 is:0:00:09.460390
1
Time for model 820 is:0:00:09.785670
1
Time for model 821 is:0:00:10.159607
1
Time for model 822 is:0:00:10.407935
1
Time for model 823 is:0:00:08.846918
1
Time for model 824 is:0:00:08.640232
Total time for completion: 0:08:47.000895
alpha:   10.0
date:  2019-11-15
start model 814
stop model 825
split both
