1
Time for model 242 is:0:00:06.442707
1
Time for model 243 is:0:00:06.810502
1
Time for model 244 is:0:00:06.360707
1
Time for model 245 is:0:00:06.161842
1
Time for model 246 is:0:00:05.516487
1
Time for model 247 is:0:00:04.840000
1
Time for model 248 is:0:00:04.992231
1
Time for model 249 is:0:00:04.681741
1
Time for model 250 is:0:00:04.445661
1
Time for model 251 is:0:00:04.452109
1
Time for model 252 is:0:00:04.455430
1
Time for model 242 is:0:00:04.671170
1
Time for model 243 is:0:00:04.443924
1
Time for model 244 is:0:00:04.644482
1
Time for model 245 is:0:00:04.554462
1
Time for model 246 is:0:00:05.228573
1
Time for model 247 is:0:00:05.223428
1
Time for model 248 is:0:00:05.225151
1
Time for model 249 is:0:00:05.284748
1
Time for model 250 is:0:00:04.808649
1
Time for model 251 is:0:00:04.734145
1
Time for model 252 is:0:00:05.062623
Total time for completion: 0:04:38.393238
alpha:   10.0
date:  2019-11-15
start model 242
stop model 253
split both
