1
Time for model 1298 is:0:00:11.329049
1
Time for model 1299 is:0:00:10.646551
1
Time for model 1300 is:0:00:11.396882
1
Time for model 1301 is:0:00:11.844357
1
Time for model 1302 is:0:00:12.224894
1
Time for model 1303 is:0:00:10.020133
1
Time for model 1304 is:0:00:12.525678
1
Time for model 1305 is:0:00:09.798458
1
Time for model 1306 is:0:00:12.426596
1
Time for model 1307 is:0:00:10.065849
1
Time for model 1308 is:0:00:11.051232
1
Time for model 1298 is:0:00:11.717941
1
Time for model 1299 is:0:00:08.720773
1
Time for model 1300 is:0:00:10.942439
1
Time for model 1301 is:0:00:04.531296
1
Time for model 1302 is:0:00:08.449501
1
Time for model 1303 is:0:00:06.173888
1
Time for model 1304 is:0:00:08.086688
1
Time for model 1305 is:0:00:06.527286
1
Time for model 1306 is:0:00:07.616704
1
Time for model 1307 is:0:00:06.873533
1
Time for model 1308 is:0:00:03.229394
Total time for completion: 0:08:08.176867
alpha:   10.0
date:  2019-11-15
start model 1298
stop model 1309
split both
