1
Time for model 583 is:0:00:07.647646
1
Time for model 584 is:0:00:08.031193
1
Time for model 585 is:0:00:07.771705
1
Time for model 586 is:0:00:07.835654
1
Time for model 587 is:0:00:07.708802
1
Time for model 588 is:0:00:07.927711
1
Time for model 589 is:0:00:06.969960
1
Time for model 590 is:0:00:06.872117
1
Time for model 591 is:0:00:06.981949
1
Time for model 592 is:0:00:06.826288
1
Time for model 593 is:0:00:07.538261
1
Time for model 583 is:0:00:09.457201
1
Time for model 584 is:0:00:09.467421
1
Time for model 585 is:0:00:07.772796
1
Time for model 586 is:0:00:08.519517
1
Time for model 587 is:0:00:09.219484
1
Time for model 588 is:0:00:09.390054
1
Time for model 589 is:0:00:07.050302
1
Time for model 590 is:0:00:08.891354
1
Time for model 591 is:0:00:09.377913
1
Time for model 592 is:0:00:09.273557
1
Time for model 593 is:0:00:07.112560
Total time for completion: 0:06:41.951260
alpha:   10.0
date:  2019-11-15
start model 583
stop model 594
split both
