1
Time for model 1045 is:0:00:06.620030
1
Time for model 1046 is:0:00:06.649881
1
Time for model 1047 is:0:00:06.780517
1
Time for model 1048 is:0:00:05.920190
1
Time for model 1049 is:0:00:05.826407
1
Time for model 1050 is:0:00:05.830018
1
Time for model 1051 is:0:00:05.755191
1
Time for model 1052 is:0:00:05.789791
1
Time for model 1053 is:0:00:05.469118
1
Time for model 1054 is:0:00:05.464776
1
Time for model 1055 is:0:00:05.702926
1
Time for model 1045 is:0:00:05.501769
1
Time for model 1046 is:0:00:05.623033
1
Time for model 1047 is:0:00:05.399427
1
Time for model 1048 is:0:00:07.109096
1
Time for model 1049 is:0:00:06.435258
1
Time for model 1050 is:0:00:06.215492
1
Time for model 1051 is:0:00:06.199364
1
Time for model 1052 is:0:00:05.443341
1
Time for model 1053 is:0:00:06.336508
1
Time for model 1054 is:0:00:06.319791
1
Time for model 1055 is:0:00:05.801275
Total time for completion: 0:04:53.909930
alpha:   10.0
date:  2019-11-15
start model 1045
stop model 1056
split both
