1
Time for model 495 is:0:00:04.221296
1
Time for model 496 is:0:00:04.226476
1
Time for model 497 is:0:00:04.232076
1
Time for model 498 is:0:00:04.225722
1
Time for model 499 is:0:00:04.224248
1
Time for model 500 is:0:00:04.215664
1
Time for model 501 is:0:00:04.224838
1
Time for model 502 is:0:00:04.220742
1
Time for model 503 is:0:00:04.219653
1
Time for model 504 is:0:00:04.224997
1
Time for model 505 is:0:00:04.231012
1
Time for model 495 is:0:00:04.220159
1
Time for model 496 is:0:00:04.210134
1
Time for model 497 is:0:00:04.201519
1
Time for model 498 is:0:00:04.194553
1
Time for model 499 is:0:00:04.195329
1
Time for model 500 is:0:00:04.195994
1
Time for model 501 is:0:00:04.203519
1
Time for model 502 is:0:00:04.197319
1
Time for model 503 is:0:00:04.206202
1
Time for model 504 is:0:00:04.193646
1
Time for model 505 is:0:00:05.920160
Total time for completion: 0:03:37.758881
alpha:   10.0
date:  2019-11-15
start model 495
stop model 506
split both
