1
Time for model 770 is:0:00:06.272754
1
Time for model 771 is:0:00:06.295696
1
Time for model 772 is:0:00:06.468988
1
Time for model 773 is:0:00:06.365165
1
Time for model 774 is:0:00:06.359527
1
Time for model 775 is:0:00:06.333378
1
Time for model 776 is:0:00:06.280014
1
Time for model 777 is:0:00:06.344258
1
Time for model 778 is:0:00:05.801161
1
Time for model 779 is:0:00:05.733681
1
Time for model 780 is:0:00:05.783982
1
Time for model 770 is:0:00:06.022943
1
Time for model 771 is:0:00:05.827966
1
Time for model 772 is:0:00:05.665994
1
Time for model 773 is:0:00:05.705043
1
Time for model 774 is:0:00:06.354290
1
Time for model 775 is:0:00:06.855783
1
Time for model 776 is:0:00:07.140193
1
Time for model 777 is:0:00:06.689386
1
Time for model 778 is:0:00:05.796526
1
Time for model 779 is:0:00:06.929043
1
Time for model 780 is:0:00:07.203298
Total time for completion: 0:05:27.714343
alpha:   10.0
date:  2019-11-15
start model 770
stop model 781
split both
