1
Time for model 869 is:0:00:11.204391
1
Time for model 870 is:0:00:09.032097
1
Time for model 871 is:0:00:09.491985
1
Time for model 872 is:0:00:09.288861
1
Time for model 873 is:0:00:09.123748
1
Time for model 874 is:0:00:09.169927
1
Time for model 875 is:0:00:11.233608
1
Time for model 876 is:0:00:08.808892
1
Time for model 877 is:0:00:09.117880
1
Time for model 878 is:0:00:08.761272
1
Time for model 879 is:0:00:10.116882
1
Time for model 869 is:0:00:09.769015
1
Time for model 870 is:0:00:09.614502
1
Time for model 871 is:0:00:08.570584
1
Time for model 872 is:0:00:09.605264
1
Time for model 873 is:0:00:09.751465
1
Time for model 874 is:0:00:09.714140
1
Time for model 875 is:0:00:08.894230
1
Time for model 876 is:0:00:09.526056
1
Time for model 877 is:0:00:10.117902
1
Time for model 878 is:0:00:09.642447
1
Time for model 879 is:0:00:08.618708
Total time for completion: 0:08:34.415912
alpha:   10.0
date:  2019-11-15
start model 869
stop model 880
split both
