1
Time for model 913 is:0:00:06.607614
1
Time for model 914 is:0:00:06.780488
1
Time for model 915 is:0:00:06.452636
1
Time for model 916 is:0:00:05.553726
1
Time for model 917 is:0:00:05.785450
1
Time for model 918 is:0:00:05.666141
1
Time for model 919 is:0:00:05.371484
1
Time for model 920 is:0:00:05.501338
1
Time for model 921 is:0:00:05.517331
1
Time for model 922 is:0:00:05.622707
1
Time for model 923 is:0:00:05.550173
1
Time for model 913 is:0:00:05.564408
1
Time for model 914 is:0:00:05.582953
1
Time for model 915 is:0:00:05.566940
1
Time for model 916 is:0:00:05.444294
1
Time for model 917 is:0:00:06.257999
1
Time for model 918 is:0:00:06.675400
1
Time for model 919 is:0:00:06.366147
1
Time for model 920 is:0:00:05.553103
1
Time for model 921 is:0:00:05.469590
1
Time for model 922 is:0:00:05.633324
1
Time for model 923 is:0:00:05.904404
Total time for completion: 0:04:31.145368
alpha:   10.0
date:  2019-11-15
start model 913
stop model 924
split both
