1
Time for model 1265 is:0:00:06.875571
1
Time for model 1266 is:0:00:06.773493
1
Time for model 1267 is:0:00:06.963436
1
Time for model 1268 is:0:00:06.775419
1
Time for model 1269 is:0:00:06.893691
1
Time for model 1270 is:0:00:06.428726
1
Time for model 1271 is:0:00:06.831293
1
Time for model 1272 is:0:00:06.475441
1
Time for model 1273 is:0:00:06.569816
1
Time for model 1274 is:0:00:04.883179
1
Time for model 1275 is:0:00:05.837109
1
Time for model 1265 is:0:00:05.232048
1
Time for model 1266 is:0:00:06.215519
1
Time for model 1267 is:0:00:06.379958
1
Time for model 1268 is:0:00:05.954216
1
Time for model 1269 is:0:00:05.960680
1
Time for model 1270 is:0:00:06.383704
1
Time for model 1271 is:0:00:06.601949
1
Time for model 1272 is:0:00:06.567464
1
Time for model 1273 is:0:00:06.073323
1
Time for model 1274 is:0:00:06.276869
1
Time for model 1275 is:0:00:06.566677
Total time for completion: 0:06:20.958253
alpha:   10.0
date:  2019-11-15
start model 1265
stop model 1276
split both
