1
Time for model 1650 is:0:00:10.197271
1
Time for model 1651 is:0:00:08.409204
1
Time for model 1652 is:0:00:08.595594
1
Time for model 1653 is:0:00:08.628171
1
Time for model 1654 is:0:00:08.916954
1
Time for model 1655 is:0:00:09.937148
1
Time for model 1656 is:0:00:06.683162
1
Time for model 1657 is:0:00:07.111863
1
Time for model 1658 is:0:00:05.677048
1
Time for model 1659 is:0:00:06.032453
1
Time for model 1660 is:0:00:06.269901
1
Time for model 1650 is:0:00:06.223655
1
Time for model 1651 is:0:00:07.018075
1
Time for model 1652 is:0:00:07.613287
1
Time for model 1653 is:0:00:07.434989
1
Time for model 1654 is:0:00:06.728642
1
Time for model 1655 is:0:00:06.830331
1
Time for model 1656 is:0:00:06.869117
1
Time for model 1657 is:0:00:06.965860
1
Time for model 1658 is:0:00:06.787803
1
Time for model 1659 is:0:00:06.737751
1
Time for model 1660 is:0:00:05.615877
Total time for completion: 0:07:04.207922
alpha:   10.0
date:  2019-11-15
start model 1650
stop model 1661
split both
