1
Time for model 1518 is:0:00:04.720319
1
Time for model 1519 is:0:00:05.865558
1
Time for model 1520 is:0:00:05.423851
1
Time for model 1521 is:0:00:04.904684
1
Time for model 1522 is:0:00:05.794677
1
Time for model 1523 is:0:00:04.755692
1
Time for model 1524 is:0:00:04.787489
1
Time for model 1525 is:0:00:05.509885
1
Time for model 1526 is:0:00:06.977986
1
Time for model 1527 is:0:00:06.326045
1
Time for model 1528 is:0:00:05.762820
1
Time for model 1518 is:0:00:05.703715
1
Time for model 1519 is:0:00:06.345373
1
Time for model 1520 is:0:00:04.605232
1
Time for model 1521 is:0:00:04.223258
1
Time for model 1522 is:0:00:05.305588
1
Time for model 1523 is:0:00:04.938330
1
Time for model 1524 is:0:00:05.498361
1
Time for model 1525 is:0:00:06.050274
1
Time for model 1526 is:0:00:06.970876
1
Time for model 1527 is:0:00:06.243586
1
Time for model 1528 is:0:00:05.599215
Total time for completion: 0:06:25.957614
alpha:   10.0
date:  2019-11-15
start model 1518
stop model 1529
split both
