1
Time for model 517 is:0:00:11.218680
1
Time for model 518 is:0:00:10.487662
1
Time for model 519 is:0:00:08.196877
1
Time for model 520 is:0:00:08.040223
1
Time for model 521 is:0:00:07.747865
1
Time for model 522 is:0:00:07.633111
1
Time for model 523 is:0:00:07.094980
1
Time for model 524 is:0:00:06.747612
1
Time for model 525 is:0:00:07.087669
1
Time for model 526 is:0:00:06.862074
1
Time for model 527 is:0:00:08.337744
1
Time for model 517 is:0:00:09.212714
1
Time for model 518 is:0:00:09.105650
1
Time for model 519 is:0:00:07.649574
1
Time for model 520 is:0:00:08.311396
1
Time for model 521 is:0:00:09.206939
1
Time for model 522 is:0:00:09.169744
1
Time for model 523 is:0:00:07.709196
1
Time for model 524 is:0:00:08.719366
1
Time for model 525 is:0:00:09.402187
1
Time for model 526 is:0:00:09.118482
1
Time for model 527 is:0:00:07.023251
Total time for completion: 0:06:59.454269
alpha:   10.0
date:  2019-11-15
start model 517
stop model 528
split both
