1
Time for model 649 is:0:00:10.387099
1
Time for model 650 is:0:00:07.741464
1
Time for model 651 is:0:00:07.885778
1
Time for model 652 is:0:00:07.742430
1
Time for model 653 is:0:00:07.645780
1
Time for model 654 is:0:00:07.033650
1
Time for model 655 is:0:00:06.897380
1
Time for model 656 is:0:00:06.931664
1
Time for model 657 is:0:00:07.177576
1
Time for model 658 is:0:00:07.044606
1
Time for model 659 is:0:00:08.874866
1
Time for model 649 is:0:00:08.994807
1
Time for model 650 is:0:00:08.342166
1
Time for model 651 is:0:00:06.996704
1
Time for model 652 is:0:00:09.244867
1
Time for model 653 is:0:00:08.956594
1
Time for model 654 is:0:00:08.406245
1
Time for model 655 is:0:00:06.902262
1
Time for model 656 is:0:00:09.029224
1
Time for model 657 is:0:00:08.972716
1
Time for model 658 is:0:00:08.827329
1
Time for model 659 is:0:00:06.768330
Total time for completion: 0:06:34.100248
alpha:   10.0
date:  2019-11-15
start model 649
stop model 660
split both
