1
Time for model 506 is:0:00:04.198837
1
Time for model 507 is:0:00:04.190275
1
Time for model 508 is:0:00:04.203437
1
Time for model 509 is:0:00:04.192512
1
Time for model 510 is:0:00:04.186841
1
Time for model 511 is:0:00:04.198805
1
Time for model 512 is:0:00:04.201397
1
Time for model 513 is:0:00:04.188452
1
Time for model 514 is:0:00:04.200777
1
Time for model 515 is:0:00:04.199726
1
Time for model 516 is:0:00:04.205420
1
Time for model 506 is:0:00:04.197808
1
Time for model 507 is:0:00:04.202807
1
Time for model 508 is:0:00:04.179649
1
Time for model 509 is:0:00:04.180567
1
Time for model 510 is:0:00:04.177209
1
Time for model 511 is:0:00:04.175979
1
Time for model 512 is:0:00:04.177586
1
Time for model 513 is:0:00:04.178796
1
Time for model 514 is:0:00:04.180046
1
Time for model 515 is:0:00:04.169293
1
Time for model 516 is:0:00:04.170167
Total time for completion: 0:03:35.170481
alpha:   10.0
date:  2019-11-15
start model 506
stop model 517
split both
