1
Time for model 1397 is:0:00:11.093937
1
Time for model 1398 is:0:00:11.085069
1
Time for model 1399 is:0:00:11.749969
1
Time for model 1400 is:0:00:10.645461
1
Time for model 1401 is:0:00:11.212492
1
Time for model 1402 is:0:00:11.106551
1
Time for model 1403 is:0:00:11.439008
1
Time for model 1404 is:0:00:11.140237
1
Time for model 1405 is:0:00:11.052785
1
Time for model 1406 is:0:00:10.050215
1
Time for model 1407 is:0:00:11.296510
1
Time for model 1397 is:0:00:12.602807
1
Time for model 1398 is:0:00:10.511091
1
Time for model 1399 is:0:00:11.293804
1
Time for model 1400 is:0:00:07.350489
1
Time for model 1401 is:0:00:07.960981
1
Time for model 1402 is:0:00:06.572745
1
Time for model 1403 is:0:00:07.527108
1
Time for model 1404 is:0:00:06.987166
1
Time for model 1405 is:0:00:06.663264
1
Time for model 1406 is:0:00:04.238607
1
Time for model 1407 is:0:00:04.633950
Total time for completion: 0:07:53.313045
alpha:   10.0
date:  2019-11-15
start model 1397
stop model 1408
split both
