1
Time for model 1232 is:0:00:12.230010
1
Time for model 1233 is:0:00:08.817458
1
Time for model 1234 is:0:00:09.883234
1
Time for model 1235 is:0:00:10.783328
1
Time for model 1236 is:0:00:08.816439
1
Time for model 1237 is:0:00:09.960482
1
Time for model 1238 is:0:00:11.808069
1
Time for model 1239 is:0:00:08.158730
1
Time for model 1240 is:0:00:09.268199
1
Time for model 1241 is:0:00:11.802822
1
Time for model 1242 is:0:00:07.761611
1
Time for model 1232 is:0:00:10.027059
1
Time for model 1233 is:0:00:10.040774
1
Time for model 1234 is:0:00:08.508955
1
Time for model 1235 is:0:00:10.896179
1
Time for model 1236 is:0:00:08.947600
1
Time for model 1237 is:0:00:09.371748
1
Time for model 1238 is:0:00:10.592763
1
Time for model 1239 is:0:00:08.641784
1
Time for model 1240 is:0:00:09.904572
1
Time for model 1241 is:0:00:10.154087
1
Time for model 1242 is:0:00:06.342407
Total time for completion: 0:08:19.927091
alpha:   10.0
date:  2019-11-15
start model 1232
stop model 1243
split both
