1
Time for model 715 is:0:00:08.017328
1
Time for model 716 is:0:00:06.612570
1
Time for model 717 is:0:00:06.503814
1
Time for model 718 is:0:00:06.349406
1
Time for model 719 is:0:00:06.326619
1
Time for model 720 is:0:00:06.331088
1
Time for model 721 is:0:00:06.376462
1
Time for model 722 is:0:00:06.386656
1
Time for model 723 is:0:00:05.801385
1
Time for model 724 is:0:00:05.826946
1
Time for model 725 is:0:00:05.822556
1
Time for model 715 is:0:00:05.982892
1
Time for model 716 is:0:00:05.880221
1
Time for model 717 is:0:00:05.724131
1
Time for model 718 is:0:00:05.958115
1
Time for model 719 is:0:00:07.099652
1
Time for model 720 is:0:00:06.979167
1
Time for model 721 is:0:00:07.221003
1
Time for model 722 is:0:00:05.984710
1
Time for model 723 is:0:00:06.473891
1
Time for model 724 is:0:00:07.364514
1
Time for model 725 is:0:00:07.222553
Total time for completion: 0:05:27.844741
alpha:   10.0
date:  2019-11-15
start model 715
stop model 726
split both
