1
Time for model 704 is:0:00:09.350592
1
Time for model 705 is:0:00:07.997888
1
Time for model 706 is:0:00:07.801204
1
Time for model 707 is:0:00:08.196338
1
Time for model 708 is:0:00:08.162174
1
Time for model 709 is:0:00:07.728416
1
Time for model 710 is:0:00:06.994433
1
Time for model 711 is:0:00:06.862179
1
Time for model 712 is:0:00:07.163752
1
Time for model 713 is:0:00:07.167887
1
Time for model 714 is:0:00:07.073905
1
Time for model 704 is:0:00:08.861517
1
Time for model 705 is:0:00:09.193818
1
Time for model 706 is:0:00:09.100508
1
Time for model 707 is:0:00:07.232212
1
Time for model 708 is:0:00:08.455418
1
Time for model 709 is:0:00:09.116410
1
Time for model 710 is:0:00:09.537421
1
Time for model 711 is:0:00:07.214225
1
Time for model 712 is:0:00:08.946261
1
Time for model 713 is:0:00:08.687483
1
Time for model 714 is:0:00:08.230480
Total time for completion: 0:06:59.036435
alpha:   10.0
date:  2019-11-15
start model 704
stop model 715
split both
