1
Time for model 1716 is:0:00:11.804208
1
Time for model 1717 is:0:00:10.241144
1
Time for model 1718 is:0:00:11.722079
1
Time for model 1719 is:0:00:11.462845
1
Time for model 1720 is:0:00:11.608600
1
Time for model 1721 is:0:00:11.810438
1
Time for model 1722 is:0:00:10.953442
1
Time for model 1723 is:0:00:10.795061
1
Time for model 1724 is:0:00:10.786154
1
Time for model 1725 is:0:00:10.908867
1
Time for model 1726 is:0:00:09.093933
1
Time for model 1716 is:0:00:11.526543
1
Time for model 1717 is:0:00:10.696697
1
Time for model 1718 is:0:00:08.346601
1
Time for model 1719 is:0:00:08.122890
1
Time for model 1720 is:0:00:05.943206
1
Time for model 1721 is:0:00:05.073072
1
Time for model 1722 is:0:00:06.009493
1
Time for model 1723 is:0:00:06.611804
1
Time for model 1724 is:0:00:06.976373
1
Time for model 1725 is:0:00:06.924327
1
Time for model 1726 is:0:00:06.207050
Total time for completion: 0:07:53.560480
alpha:   10.0
date:  2019-11-15
start model 1716
stop model 1727
split both
