1
Time for model 1254 is:0:00:06.838753
1
Time for model 1255 is:0:00:06.758892
1
Time for model 1256 is:0:00:06.882908
1
Time for model 1257 is:0:00:06.821988
1
Time for model 1258 is:0:00:06.766164
1
Time for model 1259 is:0:00:06.331205
1
Time for model 1260 is:0:00:06.727457
1
Time for model 1261 is:0:00:06.410370
1
Time for model 1262 is:0:00:06.502095
1
Time for model 1263 is:0:00:06.180980
1
Time for model 1264 is:0:00:05.919498
1
Time for model 1254 is:0:00:05.349173
1
Time for model 1255 is:0:00:06.212432
1
Time for model 1256 is:0:00:06.158390
1
Time for model 1257 is:0:00:05.849688
1
Time for model 1258 is:0:00:06.055469
1
Time for model 1259 is:0:00:06.254429
1
Time for model 1260 is:0:00:06.475124
1
Time for model 1261 is:0:00:06.507227
1
Time for model 1262 is:0:00:05.998069
1
Time for model 1263 is:0:00:06.433854
1
Time for model 1264 is:0:00:06.241325
Total time for completion: 0:06:21.744489
alpha:   10.0
date:  2019-11-15
start model 1254
stop model 1265
split both
