1
Time for model 1089 is:0:00:07.023575
1
Time for model 1090 is:0:00:06.894089
1
Time for model 1091 is:0:00:06.941392
1
Time for model 1092 is:0:00:06.260752
1
Time for model 1093 is:0:00:06.041806
1
Time for model 1094 is:0:00:05.987632
1
Time for model 1095 is:0:00:06.115944
1
Time for model 1096 is:0:00:05.577991
1
Time for model 1097 is:0:00:05.562580
1
Time for model 1098 is:0:00:05.482547
1
Time for model 1099 is:0:00:05.686899
1
Time for model 1089 is:0:00:05.459558
1
Time for model 1090 is:0:00:05.642648
1
Time for model 1091 is:0:00:07.189125
1
Time for model 1092 is:0:00:07.320810
1
Time for model 1093 is:0:00:06.381302
1
Time for model 1094 is:0:00:06.237116
1
Time for model 1095 is:0:00:05.483312
1
Time for model 1096 is:0:00:06.500089
1
Time for model 1097 is:0:00:06.533650
1
Time for model 1098 is:0:00:05.731324
1
Time for model 1099 is:0:00:05.264089
Total time for completion: 0:04:57.781842
alpha:   10.0
date:  2019-11-15
start model 1089
stop model 1100
split both
