1
Time for model 187 is:0:00:04.343160
1
Time for model 188 is:0:00:04.313667
1
Time for model 189 is:0:00:04.276229
1
Time for model 190 is:0:00:04.334976
1
Time for model 191 is:0:00:04.334321
1
Time for model 192 is:0:00:04.337735
1
Time for model 193 is:0:00:04.339871
1
Time for model 194 is:0:00:04.343809
1
Time for model 195 is:0:00:04.342990
1
Time for model 196 is:0:00:04.346740
1
Time for model 197 is:0:00:04.352367
1
Time for model 187 is:0:00:04.346457
1
Time for model 188 is:0:00:04.347702
1
Time for model 189 is:0:00:04.345671
1
Time for model 190 is:0:00:04.346410
1
Time for model 191 is:0:00:04.288694
1
Time for model 192 is:0:00:04.285436
1
Time for model 193 is:0:00:04.345082
1
Time for model 194 is:0:00:04.346590
1
Time for model 195 is:0:00:04.348061
1
Time for model 196 is:0:00:04.346188
1
Time for model 197 is:0:00:04.342946
Total time for completion: 0:03:43.800112
alpha:   10.0
date:  2019-11-15
start model 187
stop model 198
split both
