1
Time for model 1177 is:0:00:14.114283
1
Time for model 1178 is:0:00:14.559154
1
Time for model 1179 is:0:00:15.439952
1
Time for model 1180 is:0:00:14.500173
1
Time for model 1181 is:0:00:13.962384
1
Time for model 1182 is:0:00:14.955826
1
Time for model 1183 is:0:00:15.381672
1
Time for model 1184 is:0:00:13.659091
1
Time for model 1185 is:0:00:12.954528
1
Time for model 1186 is:0:00:16.429210
1
Time for model 1187 is:0:00:14.646083
1
Time for model 1177 is:0:00:12.842725
1
Time for model 1178 is:0:00:13.762672
1
Time for model 1179 is:0:00:14.105905
1
Time for model 1180 is:0:00:09.626877
1
Time for model 1181 is:0:00:07.088445
1
Time for model 1182 is:0:00:09.648591
1
Time for model 1183 is:0:00:08.773888
1
Time for model 1184 is:0:00:08.071345
1
Time for model 1185 is:0:00:09.692285
1
Time for model 1186 is:0:00:08.074677
1
Time for model 1187 is:0:00:07.728406
Total time for completion: 0:09:32.893418
alpha:   10.0
date:  2019-11-15
start model 1177
stop model 1188
split both
