1
Time for model 1210 is:0:00:12.997542
1
Time for model 1211 is:0:00:14.081459
1
Time for model 1212 is:0:00:13.028978
1
Time for model 1213 is:0:00:14.659041
1
Time for model 1214 is:0:00:14.633404
1
Time for model 1215 is:0:00:13.592688
1
Time for model 1216 is:0:00:13.108721
1
Time for model 1217 is:0:00:15.598237
1
Time for model 1218 is:0:00:16.403337
1
Time for model 1219 is:0:00:15.383491
1
Time for model 1220 is:0:00:15.544652
1
Time for model 1210 is:0:00:15.177252
1
Time for model 1211 is:0:00:13.483524
1
Time for model 1212 is:0:00:13.227135
1
Time for model 1213 is:0:00:08.912242
1
Time for model 1214 is:0:00:09.149561
1
Time for model 1215 is:0:00:07.729375
1
Time for model 1216 is:0:00:09.544125
1
Time for model 1217 is:0:00:09.394615
1
Time for model 1218 is:0:00:07.669177
1
Time for model 1219 is:0:00:09.567666
1
Time for model 1220 is:0:00:08.490433
Total time for completion: 0:09:31.476594
alpha:   10.0
date:  2019-11-15
start model 1210
stop model 1221
split both
