1
Time for model 88 is:0:00:05.367615
1
Time for model 89 is:0:00:05.341647
1
Time for model 90 is:0:00:05.341366
1
Time for model 91 is:0:00:05.349226
1
Time for model 92 is:0:00:05.360776
1
Time for model 93 is:0:00:05.340375
1
Time for model 94 is:0:00:05.344358
1
Time for model 95 is:0:00:05.337926
1
Time for model 96 is:0:00:05.341987
1
Time for model 97 is:0:00:05.522876
1
Time for model 98 is:0:00:05.550817
1
Time for model 88 is:0:00:05.549194
1
Time for model 89 is:0:00:05.529450
1
Time for model 90 is:0:00:05.546225
1
Time for model 91 is:0:00:05.566015
1
Time for model 92 is:0:00:05.571410
1
Time for model 93 is:0:00:05.483672
1
Time for model 94 is:0:00:05.329157
1
Time for model 95 is:0:00:05.333474
1
Time for model 96 is:0:00:05.329039
1
Time for model 97 is:0:00:05.352145
1
Time for model 98 is:0:00:05.333622
Total time for completion: 0:04:59.142366
alpha:   10.0
date:  2019-11-15
start model 88
stop model 99
split both
