1
Time for model 165 is:0:00:04.291830
1
Time for model 166 is:0:00:04.288899
1
Time for model 167 is:0:00:04.285997
1
Time for model 168 is:0:00:04.298949
1
Time for model 169 is:0:00:04.299092
1
Time for model 170 is:0:00:04.289276
1
Time for model 171 is:0:00:04.296917
1
Time for model 172 is:0:00:04.296641
1
Time for model 173 is:0:00:04.296691
1
Time for model 174 is:0:00:04.297391
1
Time for model 175 is:0:00:04.291271
1
Time for model 165 is:0:00:04.302546
1
Time for model 166 is:0:00:04.293766
1
Time for model 167 is:0:00:04.293603
1
Time for model 168 is:0:00:04.293873
1
Time for model 169 is:0:00:04.292329
1
Time for model 170 is:0:00:04.291182
1
Time for model 171 is:0:00:04.290233
1
Time for model 172 is:0:00:04.304132
1
Time for model 173 is:0:00:04.287636
1
Time for model 174 is:0:00:04.300193
1
Time for model 175 is:0:00:04.296818
Total time for completion: 0:03:42.394058
alpha:   10.0
date:  2019-11-15
start model 165
stop model 176
split both
