1
Time for model 1760 is:0:00:05.929603
1
Time for model 1761 is:0:00:05.994680
1
Time for model 1762 is:0:00:06.841956
1
Time for model 1763 is:0:00:06.476559
1
Time for model 1764 is:0:00:07.246068
1
Time for model 1765 is:0:00:06.697626
1
Time for model 1766 is:0:00:06.463984
1
Time for model 1767 is:0:00:07.201465
1
Time for model 1768 is:0:00:07.098969
1
Time for model 1769 is:0:00:06.778297
1
Time for model 1770 is:0:00:05.197742
1
Time for model 1760 is:0:00:05.207684
1
Time for model 1761 is:0:00:05.240952
1
Time for model 1762 is:0:00:05.617063
1
Time for model 1763 is:0:00:05.384277
1
Time for model 1764 is:0:00:05.435109
1
Time for model 1765 is:0:00:05.480565
1
Time for model 1766 is:0:00:05.524275
1
Time for model 1767 is:0:00:05.535695
1
Time for model 1768 is:0:00:05.640389
1
Time for model 1769 is:0:00:05.525617
1
Time for model 1770 is:0:00:05.449524
Total time for completion: 0:06:53.430002
alpha:   10.0
date:  2019-11-15
start model 1760
stop model 1771
split both
