1
Time for model 1661 is:0:00:11.589932
1
Time for model 1662 is:0:00:07.855125
1
Time for model 1663 is:0:00:08.168758
1
Time for model 1664 is:0:00:08.405586
1
Time for model 1665 is:0:00:08.674951
1
Time for model 1666 is:0:00:08.655390
1
Time for model 1667 is:0:00:05.933969
1
Time for model 1668 is:0:00:05.866750
1
Time for model 1669 is:0:00:06.144032
1
Time for model 1670 is:0:00:05.300977
1
Time for model 1671 is:0:00:06.103582
1
Time for model 1661 is:0:00:06.590980
1
Time for model 1662 is:0:00:06.675077
1
Time for model 1663 is:0:00:06.611553
1
Time for model 1664 is:0:00:06.749362
1
Time for model 1665 is:0:00:07.381508
1
Time for model 1666 is:0:00:07.239581
1
Time for model 1667 is:0:00:06.890115
1
Time for model 1668 is:0:00:06.136194
1
Time for model 1669 is:0:00:06.421768
1
Time for model 1670 is:0:00:06.641714
1
Time for model 1671 is:0:00:07.180135
Total time for completion: 0:06:58.719956
alpha:   10.0
date:  2019-11-15
start model 1661
stop model 1672
split both
