1
Time for model 792 is:0:00:08.558846
1
Time for model 793 is:0:00:06.682911
1
Time for model 794 is:0:00:06.525382
1
Time for model 795 is:0:00:06.539932
1
Time for model 796 is:0:00:06.548037
1
Time for model 797 is:0:00:06.713908
1
Time for model 798 is:0:00:06.520282
1
Time for model 799 is:0:00:06.049847
1
Time for model 800 is:0:00:05.970167
1
Time for model 801 is:0:00:06.023597
1
Time for model 802 is:0:00:06.199887
1
Time for model 792 is:0:00:05.877387
1
Time for model 793 is:0:00:05.942883
1
Time for model 794 is:0:00:06.174323
1
Time for model 795 is:0:00:07.062988
1
Time for model 796 is:0:00:07.421880
1
Time for model 797 is:0:00:07.344202
1
Time for model 798 is:0:00:06.377856
1
Time for model 799 is:0:00:06.875642
1
Time for model 800 is:0:00:07.417985
1
Time for model 801 is:0:00:06.701591
1
Time for model 802 is:0:00:06.199096
Total time for completion: 0:05:40.604861
alpha:   10.0
date:  2019-11-15
start model 792
stop model 803
split both
