1
Time for model 836 is:0:00:12.623941
1
Time for model 837 is:0:00:11.745929
1
Time for model 838 is:0:00:08.664719
1
Time for model 839 is:0:00:08.222953
1
Time for model 840 is:0:00:08.602343
1
Time for model 841 is:0:00:08.745101
1
Time for model 842 is:0:00:12.166860
1
Time for model 843 is:0:00:10.213306
1
Time for model 844 is:0:00:09.639952
1
Time for model 845 is:0:00:08.399853
1
Time for model 846 is:0:00:10.006154
1
Time for model 836 is:0:00:09.950084
1
Time for model 837 is:0:00:10.321455
1
Time for model 838 is:0:00:08.436930
1
Time for model 839 is:0:00:09.394609
1
Time for model 840 is:0:00:09.782815
1
Time for model 841 is:0:00:10.615466
1
Time for model 842 is:0:00:08.486587
1
Time for model 843 is:0:00:09.033869
1
Time for model 844 is:0:00:10.081228
1
Time for model 845 is:0:00:10.382651
1
Time for model 846 is:0:00:07.923878
Total time for completion: 0:08:44.417618
alpha:   10.0
date:  2019-11-15
start model 836
stop model 847
split both
