1
Time for model 220 is:0:00:04.366623
1
Time for model 221 is:0:00:04.366979
1
Time for model 222 is:0:00:04.360949
1
Time for model 223 is:0:00:04.367758
1
Time for model 224 is:0:00:04.359602
1
Time for model 225 is:0:00:04.357286
1
Time for model 226 is:0:00:04.356916
1
Time for model 227 is:0:00:04.353086
1
Time for model 228 is:0:00:04.349600
1
Time for model 229 is:0:00:04.347360
1
Time for model 230 is:0:00:04.359846
1
Time for model 220 is:0:00:04.351796
1
Time for model 221 is:0:00:04.357162
1
Time for model 222 is:0:00:04.354513
1
Time for model 223 is:0:00:04.355019
1
Time for model 224 is:0:00:04.359389
1
Time for model 225 is:0:00:04.349167
1
Time for model 226 is:0:00:04.359559
1
Time for model 227 is:0:00:04.352129
1
Time for model 228 is:0:00:04.348274
1
Time for model 229 is:0:00:04.355621
1
Time for model 230 is:0:00:04.348964
Total time for completion: 0:03:46.020375
alpha:   10.0
date:  2019-11-15
start model 220
stop model 231
split both
