1
Time for model 1727 is:0:00:06.906586
1
Time for model 1728 is:0:00:05.837631
1
Time for model 1729 is:0:00:06.359529
1
Time for model 1730 is:0:00:07.210994
1
Time for model 1731 is:0:00:07.287996
1
Time for model 1732 is:0:00:08.029624
1
Time for model 1733 is:0:00:07.773295
1
Time for model 1734 is:0:00:06.912416
1
Time for model 1735 is:0:00:07.425774
1
Time for model 1736 is:0:00:08.176217
1
Time for model 1737 is:0:00:07.374748
1
Time for model 1727 is:0:00:07.182394
1
Time for model 1728 is:0:00:07.084546
1
Time for model 1729 is:0:00:08.137270
1
Time for model 1730 is:0:00:07.971766
1
Time for model 1731 is:0:00:07.143642
1
Time for model 1732 is:0:00:08.847986
1
Time for model 1733 is:0:00:07.987722
1
Time for model 1734 is:0:00:08.356038
1
Time for model 1735 is:0:00:07.945238
1
Time for model 1736 is:0:00:10.062289
1
Time for model 1737 is:0:00:04.409170
Total time for completion: 0:07:05.291041
alpha:   10.0
date:  2019-11-15
start model 1727
stop model 1738
split both
