1
Time for model 572 is:0:00:07.509458
1
Time for model 573 is:0:00:07.903822
1
Time for model 574 is:0:00:07.700731
1
Time for model 575 is:0:00:07.730728
1
Time for model 576 is:0:00:07.648963
1
Time for model 577 is:0:00:07.758803
1
Time for model 578 is:0:00:07.003036
1
Time for model 579 is:0:00:06.796274
1
Time for model 580 is:0:00:06.742189
1
Time for model 581 is:0:00:07.170169
1
Time for model 582 is:0:00:07.154996
1
Time for model 572 is:0:00:09.083258
1
Time for model 573 is:0:00:09.277245
1
Time for model 574 is:0:00:08.233971
1
Time for model 575 is:0:00:06.867272
1
Time for model 576 is:0:00:09.397525
1
Time for model 577 is:0:00:09.153210
1
Time for model 578 is:0:00:08.492666
1
Time for model 579 is:0:00:06.803468
1
Time for model 580 is:0:00:09.378031
1
Time for model 581 is:0:00:09.403778
1
Time for model 582 is:0:00:08.684075
Total time for completion: 0:06:39.649404
alpha:   10.0
date:  2019-11-15
start model 572
stop model 583
split both
