1
Time for model 1617 is:0:00:03.231201
1
Time for model 1618 is:0:00:03.229083
1
Time for model 1619 is:0:00:03.226281
1
Time for model 1620 is:0:00:03.231702
1
Time for model 1621 is:0:00:03.806081
1
Time for model 1622 is:0:00:04.257649
1
Time for model 1623 is:0:00:04.298155
1
Time for model 1624 is:0:00:04.098266
1
Time for model 1625 is:0:00:04.091938
1
Time for model 1626 is:0:00:04.690631
1
Time for model 1627 is:0:00:04.269587
1
Time for model 1617 is:0:00:04.588622
1
Time for model 1618 is:0:00:04.474900
1
Time for model 1619 is:0:00:03.388170
1
Time for model 1620 is:0:00:03.787986
1
Time for model 1621 is:0:00:03.280349
1
Time for model 1622 is:0:00:03.247998
1
Time for model 1623 is:0:00:03.406068
1
Time for model 1624 is:0:00:03.356869
1
Time for model 1625 is:0:00:03.239573
1
Time for model 1626 is:0:00:03.335567
1
Time for model 1627 is:0:00:03.992648
Total time for completion: 0:03:58.602175
alpha:   10.0
date:  2019-11-15
start model 1617
stop model 1628
split both
