1
Time for model 737 is:0:00:08.122090
1
Time for model 738 is:0:00:07.671352
1
Time for model 739 is:0:00:06.599095
1
Time for model 740 is:0:00:06.459347
1
Time for model 741 is:0:00:06.467544
1
Time for model 742 is:0:00:06.492959
1
Time for model 743 is:0:00:06.496806
1
Time for model 744 is:0:00:06.649295
1
Time for model 745 is:0:00:05.932245
1
Time for model 746 is:0:00:05.927381
1
Time for model 747 is:0:00:06.127020
1
Time for model 737 is:0:00:05.911085
1
Time for model 738 is:0:00:05.987935
1
Time for model 739 is:0:00:05.816767
1
Time for model 740 is:0:00:05.877379
1
Time for model 741 is:0:00:06.934547
1
Time for model 742 is:0:00:07.178454
1
Time for model 743 is:0:00:07.200863
1
Time for model 744 is:0:00:06.492418
1
Time for model 745 is:0:00:06.067165
1
Time for model 746 is:0:00:06.955100
1
Time for model 747 is:0:00:06.875187
Total time for completion: 0:05:31.465380
alpha:   10.0
date:  2019-11-15
start model 737
stop model 748
split both
