1
Time for model 924 is:0:00:06.957406
1
Time for model 925 is:0:00:06.638346
1
Time for model 926 is:0:00:05.801385
1
Time for model 927 is:0:00:05.635282
1
Time for model 928 is:0:00:05.728449
1
Time for model 929 is:0:00:05.442417
1
Time for model 930 is:0:00:05.378468
1
Time for model 931 is:0:00:05.305145
1
Time for model 932 is:0:00:05.392710
1
Time for model 933 is:0:00:05.446089
1
Time for model 934 is:0:00:05.523130
1
Time for model 924 is:0:00:05.488719
1
Time for model 925 is:0:00:05.488474
1
Time for model 926 is:0:00:05.489447
1
Time for model 927 is:0:00:05.424103
1
Time for model 928 is:0:00:05.864049
1
Time for model 929 is:0:00:07.074811
1
Time for model 930 is:0:00:06.314919
1
Time for model 931 is:0:00:05.470050
1
Time for model 932 is:0:00:05.410784
1
Time for model 933 is:0:00:05.238670
1
Time for model 934 is:0:00:06.069824
Total time for completion: 0:04:28.565002
alpha:   10.0
date:  2019-11-15
start model 924
stop model 935
split both
