1
Time for model 638 is:0:00:08.621391
1
Time for model 639 is:0:00:07.555218
1
Time for model 640 is:0:00:07.806083
1
Time for model 641 is:0:00:07.691268
1
Time for model 642 is:0:00:07.463709
1
Time for model 643 is:0:00:07.226573
1
Time for model 644 is:0:00:06.723363
1
Time for model 645 is:0:00:06.783827
1
Time for model 646 is:0:00:07.224831
1
Time for model 647 is:0:00:06.845605
1
Time for model 648 is:0:00:08.778717
1
Time for model 638 is:0:00:08.790928
1
Time for model 639 is:0:00:08.342889
1
Time for model 640 is:0:00:06.848835
1
Time for model 641 is:0:00:09.502390
1
Time for model 642 is:0:00:08.966942
1
Time for model 643 is:0:00:08.274558
1
Time for model 644 is:0:00:06.614640
1
Time for model 645 is:0:00:09.257636
1
Time for model 646 is:0:00:08.997822
1
Time for model 647 is:0:00:08.302141
1
Time for model 648 is:0:00:06.939029
Total time for completion: 0:06:27.802017
alpha:   10.0
date:  2019-11-15
start model 638
stop model 649
split both
