1
Time for model 1386 is:0:00:11.163858
1
Time for model 1387 is:0:00:11.051036
1
Time for model 1388 is:0:00:11.838521
1
Time for model 1389 is:0:00:10.758757
1
Time for model 1390 is:0:00:11.604566
1
Time for model 1391 is:0:00:11.323075
1
Time for model 1392 is:0:00:11.140103
1
Time for model 1393 is:0:00:11.653799
1
Time for model 1394 is:0:00:11.816789
1
Time for model 1395 is:0:00:10.364195
1
Time for model 1396 is:0:00:11.879651
1
Time for model 1386 is:0:00:11.226296
1
Time for model 1387 is:0:00:12.393083
1
Time for model 1388 is:0:00:09.914866
1
Time for model 1389 is:0:00:09.447913
1
Time for model 1390 is:0:00:08.069508
1
Time for model 1391 is:0:00:07.230444
1
Time for model 1392 is:0:00:06.852948
1
Time for model 1393 is:0:00:07.562145
1
Time for model 1394 is:0:00:06.195186
1
Time for model 1395 is:0:00:04.405865
1
Time for model 1396 is:0:00:04.617404
Total time for completion: 0:07:58.317958
alpha:   10.0
date:  2019-11-15
start model 1386
stop model 1397
split both
