1
Time for model 341 is:0:00:06.562691
1
Time for model 342 is:0:00:06.445136
1
Time for model 343 is:0:00:04.997293
1
Time for model 344 is:0:00:04.993576
1
Time for model 345 is:0:00:05.161429
1
Time for model 346 is:0:00:04.972425
1
Time for model 347 is:0:00:04.977392
1
Time for model 348 is:0:00:04.925902
1
Time for model 349 is:0:00:04.468064
1
Time for model 350 is:0:00:04.460634
1
Time for model 351 is:0:00:04.678359
1
Time for model 341 is:0:00:04.672944
1
Time for model 342 is:0:00:04.485607
1
Time for model 343 is:0:00:04.490007
1
Time for model 344 is:0:00:04.487687
1
Time for model 345 is:0:00:04.463489
1
Time for model 346 is:0:00:05.348243
1
Time for model 347 is:0:00:05.472990
1
Time for model 348 is:0:00:05.460765
1
Time for model 349 is:0:00:05.457108
1
Time for model 350 is:0:00:05.076424
1
Time for model 351 is:0:00:04.457522
Total time for completion: 0:04:51.786587
alpha:   10.0
date:  2019-11-15
start model 341
stop model 352
split both
