1
Time for model 1672 is:0:00:03.316673
1
Time for model 1673 is:0:00:04.294277
1
Time for model 1674 is:0:00:04.293352
1
Time for model 1675 is:0:00:04.148100
1
Time for model 1676 is:0:00:04.059054
1
Time for model 1677 is:0:00:04.041636
1
Time for model 1678 is:0:00:05.215638
1
Time for model 1679 is:0:00:04.752448
1
Time for model 1680 is:0:00:05.661496
1
Time for model 1681 is:0:00:05.204122
1
Time for model 1682 is:0:00:05.335474
1
Time for model 1672 is:0:00:04.046512
1
Time for model 1673 is:0:00:03.864167
1
Time for model 1674 is:0:00:03.698371
1
Time for model 1675 is:0:00:04.212991
1
Time for model 1676 is:0:00:04.394116
1
Time for model 1677 is:0:00:04.703882
1
Time for model 1678 is:0:00:04.800431
1
Time for model 1679 is:0:00:04.906411
1
Time for model 1680 is:0:00:05.657863
1
Time for model 1681 is:0:00:05.633021
1
Time for model 1682 is:0:00:05.711722
Total time for completion: 0:05:12.866964
alpha:   10.0
date:  2019-11-15
start model 1672
stop model 1683
split both
