1
Time for model 946 is:0:00:05.427372
1
Time for model 947 is:0:00:06.035951
1
Time for model 948 is:0:00:07.102043
1
Time for model 949 is:0:00:07.106349
1
Time for model 950 is:0:00:06.211813
1
Time for model 951 is:0:00:05.861781
1
Time for model 952 is:0:00:05.854122
1
Time for model 953 is:0:00:05.516986
1
Time for model 954 is:0:00:05.552950
1
Time for model 955 is:0:00:05.624995
1
Time for model 956 is:0:00:05.580662
1
Time for model 946 is:0:00:05.600983
1
Time for model 947 is:0:00:05.582733
1
Time for model 948 is:0:00:06.045797
1
Time for model 949 is:0:00:06.973454
1
Time for model 950 is:0:00:06.462446
1
Time for model 951 is:0:00:05.627914
1
Time for model 952 is:0:00:05.548904
1
Time for model 953 is:0:00:05.964720
1
Time for model 954 is:0:00:06.480903
1
Time for model 955 is:0:00:06.163016
1
Time for model 956 is:0:00:04.915473
Total time for completion: 0:04:34.893184
alpha:   10.0
date:  2019-11-15
start model 946
stop model 957
split both
