1
Time for model 33 is:0:00:04.565383
1
Time for model 34 is:0:00:04.605030
1
Time for model 35 is:0:00:04.720226
1
Time for model 36 is:0:00:04.461995
1
Time for model 37 is:0:00:04.727251
1
Time for model 38 is:0:00:04.573718
1
Time for model 39 is:0:00:04.613740
1
Time for model 40 is:0:00:04.704622
1
Time for model 41 is:0:00:04.581274
1
Time for model 42 is:0:00:04.603738
1
Time for model 43 is:0:00:04.451129
1
Time for model 33 is:0:00:04.465331
1
Time for model 34 is:0:00:04.517122
1
Time for model 35 is:0:00:04.589362
1
Time for model 36 is:0:00:05.460138
1
Time for model 37 is:0:00:07.456326
1
Time for model 38 is:0:00:05.205801
1
Time for model 39 is:0:00:04.599054
1
Time for model 40 is:0:00:04.629223
1
Time for model 41 is:0:00:04.701451
1
Time for model 42 is:0:00:04.648182
1
Time for model 43 is:0:00:04.622023
Total time for completion: 0:04:00.179377
alpha:   10.0
date:  2019-11-15
start model 33
stop model 44
split both
