1
Time for model 231 is:0:00:05.755432
1
Time for model 232 is:0:00:05.950414
1
Time for model 233 is:0:00:05.939406
1
Time for model 234 is:0:00:05.476216
1
Time for model 235 is:0:00:04.875834
1
Time for model 236 is:0:00:04.325297
1
Time for model 237 is:0:00:04.304814
1
Time for model 238 is:0:00:04.320128
1
Time for model 239 is:0:00:04.234931
1
Time for model 240 is:0:00:03.968198
1
Time for model 241 is:0:00:03.949331
1
Time for model 231 is:0:00:03.972920
1
Time for model 232 is:0:00:04.161553
1
Time for model 233 is:0:00:03.967753
1
Time for model 234 is:0:00:03.951652
1
Time for model 235 is:0:00:03.953399
1
Time for model 236 is:0:00:04.085343
1
Time for model 237 is:0:00:04.318330
1
Time for model 238 is:0:00:04.630014
1
Time for model 239 is:0:00:04.667627
1
Time for model 240 is:0:00:04.661564
1
Time for model 241 is:0:00:04.668523
Total time for completion: 0:04:21.443870
alpha:   10.0
date:  2019-11-15
start model 231
stop model 242
split both
