1
Time for model 1023 is:0:00:06.828651
1
Time for model 1024 is:0:00:07.034304
1
Time for model 1025 is:0:00:06.728973
1
Time for model 1026 is:0:00:06.373417
1
Time for model 1027 is:0:00:05.917450
1
Time for model 1028 is:0:00:05.886226
1
Time for model 1029 is:0:00:06.087433
1
Time for model 1030 is:0:00:05.611737
1
Time for model 1031 is:0:00:05.491680
1
Time for model 1032 is:0:00:05.434103
1
Time for model 1033 is:0:00:05.677831
1
Time for model 1023 is:0:00:05.679107
1
Time for model 1024 is:0:00:05.384905
1
Time for model 1025 is:0:00:06.875201
1
Time for model 1026 is:0:00:07.158870
1
Time for model 1027 is:0:00:06.447730
1
Time for model 1028 is:0:00:06.322949
1
Time for model 1029 is:0:00:05.342297
1
Time for model 1030 is:0:00:06.186126
1
Time for model 1031 is:0:00:06.491866
1
Time for model 1032 is:0:00:05.465204
1
Time for model 1033 is:0:00:05.277496
Total time for completion: 0:04:58.823014
alpha:   10.0
date:  2019-11-15
start model 1023
stop model 1034
split both
