1
Time for model 594 is:0:00:07.730837
1
Time for model 595 is:0:00:06.998715
1
Time for model 596 is:0:00:06.872512
1
Time for model 597 is:0:00:07.397483
1
Time for model 598 is:0:00:07.083002
1
Time for model 599 is:0:00:07.294099
1
Time for model 600 is:0:00:07.805259
1
Time for model 601 is:0:00:09.538426
1
Time for model 602 is:0:00:09.315350
1
Time for model 603 is:0:00:08.056860
1
Time for model 604 is:0:00:07.942289
1
Time for model 594 is:0:00:09.502519
1
Time for model 595 is:0:00:10.081124
1
Time for model 596 is:0:00:07.993501
1
Time for model 597 is:0:00:08.900743
1
Time for model 598 is:0:00:08.927745
1
Time for model 599 is:0:00:08.218618
1
Time for model 600 is:0:00:07.229055
1
Time for model 601 is:0:00:06.566544
1
Time for model 602 is:0:00:07.698548
1
Time for model 603 is:0:00:07.988984
1
Time for model 604 is:0:00:07.796079
Total time for completion: 0:07:41.660613
alpha:   10.0
date:  2019-11-15
start model 594
stop model 605
split both
