1
Time for model 1188 is:0:00:14.253527
1
Time for model 1189 is:0:00:13.830106
1
Time for model 1190 is:0:00:14.072012
1
Time for model 1191 is:0:00:14.129242
1
Time for model 1192 is:0:00:12.884799
1
Time for model 1193 is:0:00:14.869104
1
Time for model 1194 is:0:00:14.712866
1
Time for model 1195 is:0:00:11.404215
1
Time for model 1196 is:0:00:15.122239
1
Time for model 1197 is:0:00:14.746626
1
Time for model 1198 is:0:00:13.931755
1
Time for model 1188 is:0:00:11.678275
1
Time for model 1189 is:0:00:16.694487
1
Time for model 1190 is:0:00:14.800606
1
Time for model 1191 is:0:00:13.092883
1
Time for model 1192 is:0:00:07.260816
1
Time for model 1193 is:0:00:09.284740
1
Time for model 1194 is:0:00:07.931035
1
Time for model 1195 is:0:00:08.445051
1
Time for model 1196 is:0:00:09.364726
1
Time for model 1197 is:0:00:07.668960
1
Time for model 1198 is:0:00:09.303294
Total time for completion: 0:09:25.193488
alpha:   10.0
date:  2019-11-15
start model 1188
stop model 1199
split both
