1
Time for model 1441 is:0:00:14.550337
1
Time for model 1442 is:0:00:14.273865
1
Time for model 1443 is:0:00:12.807198
1
Time for model 1444 is:0:00:14.778351
1
Time for model 1445 is:0:00:14.576796
1
Time for model 1446 is:0:00:11.951507
1
Time for model 1447 is:0:00:14.235026
1
Time for model 1448 is:0:00:14.709621
1
Time for model 1449 is:0:00:15.043097
1
Time for model 1450 is:0:00:13.145459
1
Time for model 1451 is:0:00:13.180175
1
Time for model 1441 is:0:00:14.937215
1
Time for model 1442 is:0:00:13.574814
1
Time for model 1443 is:0:00:09.606524
1
Time for model 1444 is:0:00:09.873673
1
Time for model 1445 is:0:00:09.260990
1
Time for model 1446 is:0:00:08.115624
1
Time for model 1447 is:0:00:09.710083
1
Time for model 1448 is:0:00:07.712657
1
Time for model 1449 is:0:00:09.331987
1
Time for model 1450 is:0:00:09.357740
1
Time for model 1451 is:0:00:07.857015
Total time for completion: 0:09:20.363739
alpha:   10.0
date:  2019-11-15
start model 1441
stop model 1452
split both
