1
Time for model 1540 is:0:00:06.323750
1
Time for model 1541 is:0:00:05.100844
1
Time for model 1542 is:0:00:04.646038
1
Time for model 1543 is:0:00:05.876030
1
Time for model 1544 is:0:00:06.075278
1
Time for model 1545 is:0:00:06.537085
1
Time for model 1546 is:0:00:06.996875
1
Time for model 1547 is:0:00:07.532623
1
Time for model 1548 is:0:00:06.069626
1
Time for model 1549 is:0:00:06.295605
1
Time for model 1550 is:0:00:06.937226
1
Time for model 1540 is:0:00:05.503900
1
Time for model 1541 is:0:00:04.662815
1
Time for model 1542 is:0:00:04.077649
1
Time for model 1543 is:0:00:04.280664
1
Time for model 1544 is:0:00:04.983162
1
Time for model 1545 is:0:00:05.435629
1
Time for model 1546 is:0:00:06.149272
1
Time for model 1547 is:0:00:06.397507
1
Time for model 1548 is:0:00:05.496062
1
Time for model 1549 is:0:00:05.524983
1
Time for model 1550 is:0:00:06.778316
Total time for completion: 0:06:31.844342
alpha:   10.0
date:  2019-11-15
start model 1540
stop model 1551
split both
