1
Time for model 330 is:0:00:04.262206
1
Time for model 331 is:0:00:04.263118
1
Time for model 332 is:0:00:04.244511
1
Time for model 333 is:0:00:04.259373
1
Time for model 334 is:0:00:04.250211
1
Time for model 335 is:0:00:04.269268
1
Time for model 336 is:0:00:04.278585
1
Time for model 337 is:0:00:04.281412
1
Time for model 338 is:0:00:04.263207
1
Time for model 339 is:0:00:04.269673
1
Time for model 340 is:0:00:04.257492
1
Time for model 330 is:0:00:04.259105
1
Time for model 331 is:0:00:04.262699
1
Time for model 332 is:0:00:04.258440
1
Time for model 333 is:0:00:04.241560
1
Time for model 334 is:0:00:04.254798
1
Time for model 335 is:0:00:04.242134
1
Time for model 336 is:0:00:04.271334
1
Time for model 337 is:0:00:04.274073
1
Time for model 338 is:0:00:04.265859
1
Time for model 339 is:0:00:04.260042
1
Time for model 340 is:0:00:04.264834
Total time for completion: 0:03:34.744340
alpha:   10.0
date:  2019-11-15
start model 330
stop model 341
split both
