1
Time for model 110 is:0:00:04.308589
1
Time for model 111 is:0:00:04.302609
1
Time for model 112 is:0:00:04.296198
1
Time for model 113 is:0:00:04.308012
1
Time for model 114 is:0:00:04.302647
1
Time for model 115 is:0:00:04.307139
1
Time for model 116 is:0:00:04.297042
1
Time for model 117 is:0:00:04.298668
1
Time for model 118 is:0:00:04.279665
1
Time for model 119 is:0:00:04.147108
1
Time for model 120 is:0:00:04.140712
1
Time for model 110 is:0:00:04.141649
1
Time for model 111 is:0:00:04.139750
1
Time for model 112 is:0:00:04.139390
1
Time for model 113 is:0:00:04.133630
1
Time for model 114 is:0:00:04.133960
1
Time for model 115 is:0:00:04.134954
1
Time for model 116 is:0:00:04.145126
1
Time for model 117 is:0:00:04.140459
1
Time for model 118 is:0:00:04.153642
1
Time for model 119 is:0:00:04.142638
1
Time for model 120 is:0:00:04.135048
Total time for completion: 0:03:35.024151
alpha:   10.0
date:  2019-11-15
start model 110
stop model 121
split both
