1
Time for model 682 is:0:00:08.832989
1
Time for model 683 is:0:00:07.776595
1
Time for model 684 is:0:00:07.642807
1
Time for model 685 is:0:00:07.973080
1
Time for model 686 is:0:00:08.042181
1
Time for model 687 is:0:00:07.499726
1
Time for model 688 is:0:00:06.625587
1
Time for model 689 is:0:00:06.867484
1
Time for model 690 is:0:00:07.107051
1
Time for model 691 is:0:00:06.884919
1
Time for model 692 is:0:00:06.896013
1
Time for model 682 is:0:00:08.653790
1
Time for model 683 is:0:00:08.994350
1
Time for model 684 is:0:00:09.000198
1
Time for model 685 is:0:00:07.157670
1
Time for model 686 is:0:00:08.164750
1
Time for model 687 is:0:00:08.959574
1
Time for model 688 is:0:00:09.011546
1
Time for model 689 is:0:00:07.588905
1
Time for model 690 is:0:00:08.329265
1
Time for model 691 is:0:00:09.362089
1
Time for model 692 is:0:00:08.006472
Total time for completion: 0:06:55.360075
alpha:   10.0
date:  2019-11-15
start model 682
stop model 693
split both
