1
Time for model 528 is:0:00:11.200571
1
Time for model 529 is:0:00:09.817410
1
Time for model 530 is:0:00:07.849179
1
Time for model 531 is:0:00:08.169521
1
Time for model 532 is:0:00:07.694091
1
Time for model 533 is:0:00:07.435873
1
Time for model 534 is:0:00:06.845467
1
Time for model 535 is:0:00:06.957782
1
Time for model 536 is:0:00:07.019316
1
Time for model 537 is:0:00:06.711013
1
Time for model 538 is:0:00:07.982148
1
Time for model 528 is:0:00:09.224383
1
Time for model 529 is:0:00:09.128374
1
Time for model 530 is:0:00:07.626095
1
Time for model 531 is:0:00:08.100052
1
Time for model 532 is:0:00:08.695844
1
Time for model 533 is:0:00:09.139149
1
Time for model 534 is:0:00:07.723621
1
Time for model 535 is:0:00:08.386985
1
Time for model 536 is:0:00:08.934057
1
Time for model 537 is:0:00:09.057057
1
Time for model 538 is:0:00:07.491301
Total time for completion: 0:06:54.982204
alpha:   10.0
date:  2019-11-15
start model 528
stop model 539
split both
